{"logTime": "0209/024516", "correlationVector":"efHlc+/IWcrtPycc7ZL8jM.47","action":"GetUpdates", "result":"DeleteReceived", "context":{"id":"82cb928f-76f8-46cf-9ad3-70ad7e817063", "isDeleted:":"true", "version":"1674918788676"}}
{"logTime": "0209/024516", "correlationVector":"efHlc+/IWcrtPycc7ZL8jM.48","action":"GetUpdates", "result":"DeleteReceived", "context":{"id":"3e484e7e-11bc-453d-9254-a63d3185109f", "isDeleted:":"true", "version":"1674918840526"}}
{"logTime": "0209/024516", "correlationVector":"efHlc+/IWcrtPycc7ZL8jM.49","action":"GetUpdates", "result":"DeleteReceived", "context":{"id":"0d71803d-5b82-4b25-96b4-effd2d76defa", "isDeleted:":"true", "version":"1674918840527"}}
{"logTime": "0209/024516", "correlationVector":"efHlc+/IWcrtPycc7ZL8jM.50","action":"GetUpdates", "result":"DeleteReceived", "context":{"id":"c33a2504-888c-4596-b293-fe1a977ae512", "isDeleted:":"true", "version":"1674920137414"}}
{"logTime": "0209/024516", "correlationVector":"efHlc+/IWcrtPycc7ZL8jM.51","action":"GetUpdates", "result":"DeleteReceived", "context":{"id":"81e129a2-4b3f-4816-b200-46d12769198d", "isDeleted:":"true", "version":"1674921776811"}}
{"logTime": "0209/024516", "correlationVector":"efHlc+/IWcrtPycc7ZL8jM.52","action":"GetUpdates", "result":"DeleteReceived", "context":{"id":"5b940b03-1f47-4fef-800d-33f7763755fd", "isDeleted:":"true", "version":"1674967759423"}}
{"logTime": "0209/024516", "correlationVector":"efHlc+/IWcrtPycc7ZL8jM.53","action":"GetUpdates", "result":"DeleteReceived", "context":{"id":"49d8edd1-406c-42a9-b647-857c639ca963", "isDeleted:":"true", "version":"1674968429851"}}
{"logTime": "0209/024516", "correlationVector":"efHlc+/IWcrtPycc7ZL8jM.54","action":"GetUpdates", "result":"DeleteReceived", "context":{"id":"780f816f-64ae-4d68-b8fb-59b1d60c889d", "isDeleted:":"true", "version":"1674968970473"}}
{"logTime": "0209/024516", "correlationVector":"efHlc+/IWcrtPycc7ZL8jM.55","action":"GetUpdates", "result":"DeleteReceived", "context":{"id":"ee4dc6fc-cfd3-47e3-bc85-a4c376a125d5", "isDeleted:":"true", "version":"1674970146019"}}
{"logTime": "0209/024516", "correlationVector":"efHlc+/IWcrtPycc7ZL8jM.56","action":"GetUpdates", "result":"DeleteReceived", "context":{"id":"53dadac2-42fb-4f95-b2ba-543a8c104c12", "isDeleted:":"true", "version":"1674970146020"}}
{"logTime": "0209/024516", "correlationVector":"efHlc+/IWcrtPycc7ZL8jM.57","action":"GetUpdates", "result":"DeleteReceived", "context":{"id":"f542de34-b7e3-43a5-b336-3085a3e001d5", "isDeleted:":"true", "version":"1674981752563"}}
{"logTime": "0209/024516", "correlationVector":"efHlc+/IWcrtPycc7ZL8jM.58","action":"GetUpdates", "result":"DeleteReceived", "context":{"id":"686d4f77-841a-4378-8053-3f629027b681", "isDeleted:":"true", "version":"1674981752564"}}
{"logTime": "0209/024516", "correlationVector":"efHlc+/IWcrtPycc7ZL8jM.59","action":"GetUpdates", "result":"DeleteReceived", "context":{"id":"fac4b54a-ecd1-45de-851c-c65dcbc562fa", "isDeleted:":"true", "version":"1674981752565"}}
{"logTime": "0209/024516", "correlationVector":"efHlc+/IWcrtPycc7ZL8jM.60","action":"GetUpdates", "result":"DeleteReceived", "context":{"id":"b4c96b30-8765-456b-a027-55f28cf68c7e", "isDeleted:":"true", "version":"1674981953003"}}
{"logTime": "0209/024516", "correlationVector":"efHlc+/IWcrtPycc7ZL8jM.61","action":"GetUpdates", "result":"DeleteReceived", "context":{"id":"e5edad45-dcc6-4112-a656-2df3df67ac92", "isDeleted:":"true", "version":"1674982508644"}}
{"logTime": "0209/024516", "correlationVector":"efHlc+/IWcrtPycc7ZL8jM.62","action":"GetUpdates", "result":"DeleteReceived", "context":{"id":"24099ad4-f520-4e12-b749-f321fba0ab98", "isDeleted:":"true", "version":"1674982572722"}}
{"logTime": "0209/024516", "correlationVector":"efHlc+/IWcrtPycc7ZL8jM.63","action":"GetUpdates", "result":"DeleteReceived", "context":{"id":"568adddd-54a6-4926-a510-98435c71e06c", "isDeleted:":"true", "version":"1674982699111"}}
{"logTime": "0209/024516", "correlationVector":"efHlc+/IWcrtPycc7ZL8jM.64","action":"GetUpdates", "result":"DeleteReceived", "context":{"id":"0da21880-4fb9-4dbe-9de1-e52a3cd05113", "isDeleted:":"true", "version":"1674982699113"}}
{"logTime": "0209/024516", "correlationVector":"efHlc+/IWcrtPycc7ZL8jM.65","action":"GetUpdates", "result":"DeleteReceived", "context":{"id":"ecdc56e9-6528-42f4-a4c7-f72ba636d7c8", "isDeleted:":"true", "version":"1674983090036"}}
{"logTime": "0209/024516", "correlationVector":"efHlc+/IWcrtPycc7ZL8jM.66","action":"GetUpdates", "result":"DeleteReceived", "context":{"id":"b984da4e-6cf8-410e-a9c9-825457233f36", "isDeleted:":"true", "version":"1674983090037"}}
{"logTime": "0209/024516", "correlationVector":"efHlc+/IWcrtPycc7ZL8jM.67","action":"GetUpdates", "result":"DeleteReceived", "context":{"id":"d8765c1d-3c61-4d08-94fd-ae40a8d98f3b", "isDeleted:":"true", "version":"1674983937507"}}
{"logTime": "0209/024516", "correlationVector":"efHlc+/IWcrtPycc7ZL8jM.68","action":"GetUpdates", "result":"DeleteReceived", "context":{"id":"6ef006d6-4a5b-425c-b345-146c64493b79", "isDeleted:":"true", "version":"1674986439880"}}
{"logTime": "0209/024516", "correlationVector":"efHlc+/IWcrtPycc7ZL8jM.69","action":"GetUpdates", "result":"DeleteReceived", "context":{"id":"f2e344a1-61a3-450c-b490-f96ec2a677d0", "isDeleted:":"true", "version":"1674992930321"}}
{"logTime": "0209/024516", "correlationVector":"efHlc+/IWcrtPycc7ZL8jM.70","action":"GetUpdates", "result":"DeleteReceived", "context":{"id":"066ef447-b7e6-41f8-9cc4-9c027612c888", "isDeleted:":"true", "version":"1675002276720"}}
{"logTime": "0209/024516", "correlationVector":"efHlc+/IWcrtPycc7ZL8jM.71","action":"GetUpdates", "result":"DeleteReceived", "context":{"id":"7a07802d-0ce9-472e-9ac2-59ede91e3615", "isDeleted:":"true", "version":"1675002276722"}}
{"logTime": "0209/024516", "correlationVector":"efHlc+/IWcrtPycc7ZL8jM.72","action":"GetUpdates", "result":"DeleteReceived", "context":{"id":"6683175f-7fbd-4658-ab93-ba9119c49277", "isDeleted:":"true", "version":"1675003490972"}}
{"logTime": "0209/024516", "correlationVector":"efHlc+/IWcrtPycc7ZL8jM.73","action":"GetUpdates", "result":"DeleteReceived", "context":{"id":"d0849018-bab1-4bb1-b91a-f2ec469cbf18", "isDeleted:":"true", "version":"1675003490973"}}
{"logTime": "0209/024516", "correlationVector":"efHlc+/IWcrtPycc7ZL8jM.74","action":"GetUpdates", "result":"DeleteReceived", "context":{"id":"87815c84-8906-4ad0-9dd6-20bedab0cbe8", "isDeleted:":"true", "version":"1675003490975"}}
{"logTime": "0209/024516", "correlationVector":"efHlc+/IWcrtPycc7ZL8jM.75","action":"GetUpdates", "result":"DeleteReceived", "context":{"id":"80b310e4-f3b9-4e85-9829-24924fe5a822", "isDeleted:":"true", "version":"1675003526027"}}
{"logTime": "0209/024516", "correlationVector":"efHlc+/IWcrtPycc7ZL8jM.76","action":"GetUpdates", "result":"DeleteReceived", "context":{"id":"131bcd8f-b0b1-46f7-8eaf-3c831d1d981b", "isDeleted:":"true", "version":"1675004690065"}}
{"logTime": "0209/024516", "correlationVector":"efHlc+/IWcrtPycc7ZL8jM.77","action":"GetUpdates", "result":"DeleteReceived", "context":{"id":"65d1eff7-763f-44cf-a1da-9ebb530427c7", "isDeleted:":"true", "version":"1675004800487"}}
{"logTime": "0209/024516", "correlationVector":"efHlc+/IWcrtPycc7ZL8jM.78","action":"GetUpdates", "result":"DeleteReceived", "context":{"id":"e42c3376-e701-4f54-b34f-f5465df1fdbb", "isDeleted:":"true", "version":"1675005233516"}}
{"logTime": "0209/024516", "correlationVector":"efHlc+/IWcrtPycc7ZL8jM.79","action":"GetUpdates", "result":"DeleteReceived", "context":{"id":"5058733a-2de6-4b85-8d34-783526f38e84", "isDeleted:":"true", "version":"1675005233517"}}
{"logTime": "0209/024516", "correlationVector":"efHlc+/IWcrtPycc7ZL8jM.80","action":"GetUpdates", "result":"DeleteReceived", "context":{"id":"44f618c7-edcb-4a36-9365-9452b02ddda0", "isDeleted:":"true", "version":"1675006071531"}}
{"logTime": "0209/024516", "correlationVector":"efHlc+/IWcrtPycc7ZL8jM.81","action":"GetUpdates", "result":"DeleteReceived", "context":{"id":"004fae18-1da0-4d3b-8d46-7aaf0861609b", "isDeleted:":"true", "version":"1675006071533"}}
{"logTime": "0209/024516", "correlationVector":"efHlc+/IWcrtPycc7ZL8jM.82","action":"GetUpdates", "result":"DeleteReceived", "context":{"id":"de2faac8-47db-4c71-94e1-603af9d3ae76", "isDeleted:":"true", "version":"1675085875562"}}
{"logTime": "0209/024516", "correlationVector":"efHlc+/IWcrtPycc7ZL8jM.83","action":"GetUpdates", "result":"DeleteReceived", "context":{"id":"36e03782-9eeb-4d90-8aec-563f84bea47c", "isDeleted:":"true", "version":"1675089635691"}}
{"logTime": "0209/024516", "correlationVector":"efHlc+/IWcrtPycc7ZL8jM.84","action":"GetUpdates", "result":"DeleteReceived", "context":{"id":"2079bc09-32b0-4a7a-bd98-475a8ecf4a62", "isDeleted:":"true", "version":"1675089635693"}}
{"logTime": "0209/024516", "correlationVector":"efHlc+/IWcrtPycc7ZL8jM.85","action":"GetUpdates", "result":"DeleteReceived", "context":{"id":"6bfc3072-f914-41a6-ba02-194f50144533", "isDeleted:":"true", "version":"1675089898413"}}
{"logTime": "0209/024516", "correlationVector":"efHlc+/IWcrtPycc7ZL8jM.86","action":"GetUpdates", "result":"DeleteReceived", "context":{"id":"0a657f11-ee1c-42ad-912e-c4cdba90f13f", "isDeleted:":"true", "version":"1675089898415"}}
{"logTime": "0209/024516", "correlationVector":"efHlc+/IWcrtPycc7ZL8jM.87","action":"GetUpdates", "result":"DeleteReceived", "context":{"id":"d1b07cdd-5265-4f40-aa1c-0e08956bbdf0", "isDeleted:":"true", "version":"1675175582392"}}
{"logTime": "0209/024516", "correlationVector":"efHlc+/IWcrtPycc7ZL8jM.88","action":"GetUpdates", "result":"DeleteReceived", "context":{"id":"d65a787d-c90f-4cd8-8282-878416209383", "isDeleted:":"true", "version":"1675175641304"}}
{"logTime": "0209/024516", "correlationVector":"efHlc+/IWcrtPycc7ZL8jM.89","action":"GetUpdates", "result":"DeleteReceived", "context":{"id":"1f8be172-d4dd-4b9b-b18e-4a1c8a41b811", "isDeleted:":"true", "version":"1675175683414"}}
{"logTime": "0209/024516", "correlationVector":"efHlc+/IWcrtPycc7ZL8jM.90","action":"GetUpdates", "result":"DeleteReceived", "context":{"id":"056a613b-befb-4585-a425-e3a4703b03db", "isDeleted:":"true", "version":"1675175683416"}}
{"logTime": "0209/024516", "correlationVector":"efHlc+/IWcrtPycc7ZL8jM.91","action":"GetUpdates", "result":"DeleteReceived", "context":{"id":"f75185da-74f6-4e24-9850-a494a53e377e", "isDeleted:":"true", "version":"1675179328306"}}
{"logTime": "0209/024516", "correlationVector":"efHlc+/IWcrtPycc7ZL8jM.92","action":"GetUpdates", "result":"DeleteReceived", "context":{"id":"b03c185f-f14d-40cf-8ebf-113b43174142", "isDeleted:":"true", "version":"1675179328308"}}
{"logTime": "0209/024516", "correlationVector":"efHlc+/IWcrtPycc7ZL8jM.93","action":"GetUpdates", "result":"DeleteReceived", "context":{"id":"f1f82146-eb41-46aa-b89a-dd1613da6d8b", "isDeleted:":"true", "version":"1675179328310"}}
{"logTime": "0209/024516", "correlationVector":"efHlc+/IWcrtPycc7ZL8jM.94","action":"GetUpdates", "result":"DeleteReceived", "context":{"id":"a74f19b1-2172-4180-b835-f15355ced294", "isDeleted:":"true", "version":"1675179328311"}}
{"logTime": "0209/024516", "correlationVector":"efHlc+/IWcrtPycc7ZL8jM.95","action":"GetUpdates", "result":"DeleteReceived", "context":{"id":"cde70903-c015-420c-8dfb-352be667edf0", "isDeleted:":"true", "version":"1675179328312"}}
{"logTime": "0209/024516", "correlationVector":"efHlc+/IWcrtPycc7ZL8jM.96","action":"GetUpdates", "result":"DeleteReceived", "context":{"id":"a537fad7-710b-422b-bea2-44e1bb371444", "isDeleted:":"true", "version":"1675179328313"}}
{"logTime": "0209/024516", "correlationVector":"efHlc+/IWcrtPycc7ZL8jM.97","action":"GetUpdates", "result":"DeleteReceived", "context":{"id":"20c13f0a-a308-4581-b4d2-6004f6edf7ca", "isDeleted:":"true", "version":"1675179328314"}}
{"logTime": "0209/024516", "correlationVector":"efHlc+/IWcrtPycc7ZL8jM.98","action":"GetUpdates", "result":"DeleteReceived", "context":{"id":"2f77e6a9-0711-49e2-a602-eaf3f4ea163e", "isDeleted:":"true", "version":"1675179328316"}}
{"logTime": "0209/024516", "correlationVector":"efHlc+/IWcrtPycc7ZL8jM.99","action":"GetUpdates", "result":"DeleteReceived", "context":{"id":"2c45197b-7c68-4bb4-8a70-d76d8b939d7e", "isDeleted:":"true", "version":"1675179328317"}}
{"logTime": "0209/024516", "correlationVector":"efHlc+/IWcrtPycc7ZL8jM.100","action":"GetUpdates", "result":"DeleteReceived", "context":{"id":"53f8b166-2654-4c2e-9e0a-d43c82f761a2", "isDeleted:":"true", "version":"1675179519273"}}
{"logTime": "0209/024516", "correlationVector":"efHlc+/IWcrtPycc7ZL8jM.101","action":"GetUpdates", "result":"DeleteReceived", "context":{"id":"ca29e8f6-91da-4af3-bd22-9e815cd40948", "isDeleted:":"true", "version":"1675180683678"}}
{"logTime": "0209/024516", "correlationVector":"efHlc+/IWcrtPycc7ZL8jM.102","action":"GetUpdates", "result":"DeleteReceived", "context":{"id":"7e726fc7-ad53-4135-8cad-9490a742ce6d", "isDeleted:":"true", "version":"1675211255995"}}
{"logTime": "0209/024516", "correlationVector":"efHlc+/IWcrtPycc7ZL8jM.103","action":"GetUpdates", "result":"DeleteReceived", "context":{"id":"84f4a046-eea6-4931-a0dc-bfd1e78e239c", "isDeleted:":"true", "version":"1675211255996"}}
{"logTime": "0209/024516", "correlationVector":"efHlc+/IWcrtPycc7ZL8jM.104","action":"GetUpdates", "result":"DeleteReceived", "context":{"id":"991c6bc4-c383-42ce-a1a3-56879bf65240", "isDeleted:":"true", "version":"1675211255997"}}
{"logTime": "0209/024516", "correlationVector":"efHlc+/IWcrtPycc7ZL8jM.105","action":"GetUpdates", "result":"DeleteReceived", "context":{"id":"0e0408dd-90d1-4803-b3fd-f0cab064abf0", "isDeleted:":"true", "version":"1675211255998"}}
{"logTime": "0209/024516", "correlationVector":"efHlc+/IWcrtPycc7ZL8jM.106","action":"GetUpdates", "result":"DeleteReceived", "context":{"id":"4f85661d-a1be-4b08-be06-0503a17fd6c4", "isDeleted:":"true", "version":"1675211255999"}}
{"logTime": "0209/024516", "correlationVector":"efHlc+/IWcrtPycc7ZL8jM.107","action":"GetUpdates", "result":"DeleteReceived", "context":{"id":"7cb2e513-67bc-46a0-bfe7-a16236f31f24", "isDeleted:":"true", "version":"1675211256001"}}
{"logTime": "0209/024516", "correlationVector":"efHlc+/IWcrtPycc7ZL8jM.108","action":"GetUpdates", "result":"DeleteReceived", "context":{"id":"01e1750d-8a41-43e0-a2ea-726b451a8b7d", "isDeleted:":"true", "version":"1675211256002"}}
{"logTime": "0209/024516", "correlationVector":"efHlc+/IWcrtPycc7ZL8jM.109","action":"GetUpdates", "result":"DeleteReceived", "context":{"id":"b84817d4-4df7-4786-ad47-5386c03b874f", "isDeleted:":"true", "version":"1675211256003"}}
{"logTime": "0209/024516", "correlationVector":"efHlc+/IWcrtPycc7ZL8jM.110","action":"GetUpdates", "result":"DeleteReceived", "context":{"id":"c327e501-140f-495d-b590-86942765da4f", "isDeleted:":"true", "version":"1675211256004"}}
{"logTime": "0209/024516", "correlationVector":"efHlc+/IWcrtPycc7ZL8jM.111","action":"GetUpdates", "result":"DeleteReceived", "context":{"id":"7ef59b28-1619-46fd-a3db-53d63f842cd4", "isDeleted:":"true", "version":"1675211256005"}}
{"logTime": "0209/024516", "correlationVector":"efHlc+/IWcrtPycc7ZL8jM.112","action":"GetUpdates", "result":"DeleteReceived", "context":{"id":"fb606232-eb6d-49d0-8e71-239ca04c8be1", "isDeleted:":"true", "version":"1675211259470"}}
{"logTime": "0209/024516", "correlationVector":"efHlc+/IWcrtPycc7ZL8jM.113","action":"GetUpdates", "result":"DeleteReceived", "context":{"id":"1ecc92ff-947c-4846-a6f1-bbc8a6002546", "isDeleted:":"true", "version":"1675211305273"}}
{"logTime": "0209/024516", "correlationVector":"efHlc+/IWcrtPycc7ZL8jM.114","action":"GetUpdates", "result":"DeleteReceived", "context":{"id":"33583c69-a620-42f6-a903-02a4cdecb9c0", "isDeleted:":"true", "version":"1675249629777"}}
{"logTime": "0209/024516", "correlationVector":"efHlc+/IWcrtPycc7ZL8jM.115","action":"GetUpdates", "result":"DeleteReceived", "context":{"id":"d4483607-fab8-41a5-9ff5-a3b15a606b93", "isDeleted:":"true", "version":"1675249629778"}}
{"logTime": "0209/024516", "correlationVector":"efHlc+/IWcrtPycc7ZL8jM.116","action":"GetUpdates", "result":"DeleteReceived", "context":{"id":"7e955316-9d21-430d-b0d3-abb20be0ee62", "isDeleted:":"true", "version":"1675249672012"}}
{"logTime": "0209/024516", "correlationVector":"efHlc+/IWcrtPycc7ZL8jM.117","action":"GetUpdates", "result":"DeleteReceived", "context":{"id":"fa735fca-31b7-4ddf-8b1e-a0cbb4f05111", "isDeleted:":"true", "version":"1675249672015"}}
{"logTime": "0209/024516", "correlationVector":"efHlc+/IWcrtPycc7ZL8jM.118","action":"GetUpdates", "result":"DeleteReceived", "context":{"id":"b2987b9a-cea0-4f0a-b9b7-cb392ca72008", "isDeleted:":"true", "version":"1675264097291"}}
{"logTime": "0209/024516", "correlationVector":"efHlc+/IWcrtPycc7ZL8jM.119","action":"GetUpdates", "result":"DeleteReceived", "context":{"id":"ebf08e5e-b339-471c-868b-0627d1571b16", "isDeleted:":"true", "version":"1675264097292"}}
{"logTime": "0209/024516", "correlationVector":"efHlc+/IWcrtPycc7ZL8jM.120","action":"GetUpdates", "result":"DeleteReceived", "context":{"id":"cd95a66a-c751-4b73-972b-b1657acf390d", "isDeleted:":"true", "version":"1675267843008"}}
{"logTime": "0209/024516", "correlationVector":"efHlc+/IWcrtPycc7ZL8jM.121","action":"GetUpdates", "result":"DeleteReceived", "context":{"id":"5260452d-b3b6-4040-acf3-bf635625db71", "isDeleted:":"true", "version":"1675330356973"}}
{"logTime": "0209/024517", "correlationVector":"efHlc+/IWcrtPycc7ZL8jM.122","action":"GetUpdates", "result":"DeleteReceived", "context":{"id":"e3b7df83-9aad-4595-a877-74df9ac9af10", "isDeleted:":"true", "version":"1675332303636"}}
{"logTime": "0209/024517", "correlationVector":"efHlc+/IWcrtPycc7ZL8jM.123","action":"GetUpdates", "result":"DeleteReceived", "context":{"id":"80e75f34-ed67-4782-9c82-eba6fb5a93ee", "isDeleted:":"true", "version":"1675346300191"}}
{"logTime": "0209/024517", "correlationVector":"efHlc+/IWcrtPycc7ZL8jM.124","action":"GetUpdates", "result":"DeleteReceived", "context":{"id":"6e4c2017-41e8-4e5c-87e2-95e4b2efa180", "isDeleted:":"true", "version":"1675346300192"}}
{"logTime": "0209/024517", "correlationVector":"efHlc+/IWcrtPycc7ZL8jM.125","action":"GetUpdates", "result":"DeleteReceived", "context":{"id":"326a6549-dcd9-47f1-a3c5-0b9c40bd22b7", "isDeleted:":"true", "version":"1675346300193"}}
{"logTime": "0209/024517", "correlationVector":"efHlc+/IWcrtPycc7ZL8jM.126","action":"GetUpdates", "result":"DeleteReceived", "context":{"id":"b97305e5-5bf4-4976-9e8f-e8efa450c553", "isDeleted:":"true", "version":"1675346300194"}}
{"logTime": "0209/024517", "correlationVector":"efHlc+/IWcrtPycc7ZL8jM.127","action":"GetUpdates", "result":"DeleteReceived", "context":{"id":"695f5009-c416-4769-b41a-9c4655baa944", "isDeleted:":"true", "version":"1675346300195"}}
{"logTime": "0209/024517", "correlationVector":"efHlc+/IWcrtPycc7ZL8jM.128","action":"GetUpdates", "result":"DeleteReceived", "context":{"id":"b0c591d9-7962-4c34-a9e2-d352828fcfa0", "isDeleted:":"true", "version":"1675346300196"}}
{"logTime": "0209/024517", "correlationVector":"efHlc+/IWcrtPycc7ZL8jM.129","action":"GetUpdates", "result":"DeleteReceived", "context":{"id":"ee5abd08-5e8f-45f1-9f84-f8ddd464a3e6", "isDeleted:":"true", "version":"1675346300197"}}
{"logTime": "0209/024517", "correlationVector":"efHlc+/IWcrtPycc7ZL8jM.130","action":"GetUpdates", "result":"DeleteReceived", "context":{"id":"9233f583-fd6e-4e17-a8a9-d1767407625a", "isDeleted:":"true", "version":"1675346300198"}}
{"logTime": "0209/024517", "correlationVector":"efHlc+/IWcrtPycc7ZL8jM.131","action":"GetUpdates", "result":"DeleteReceived", "context":{"id":"d471b35a-607a-481e-87b3-8dbcd6a6478e", "isDeleted:":"true", "version":"1675346300199"}}
{"logTime": "0209/024517", "correlationVector":"efHlc+/IWcrtPycc7ZL8jM.132","action":"GetUpdates", "result":"DeleteReceived", "context":{"id":"edaa6e68-f4f9-4f36-92d9-ad1e3cceef22", "isDeleted:":"true", "version":"1675346300200"}}
{"logTime": "0209/024517", "correlationVector":"efHlc+/IWcrtPycc7ZL8jM.133","action":"GetUpdates", "result":"DeleteReceived", "context":{"id":"e728632d-df4a-4675-8a68-3d8096efbda0", "isDeleted:":"true", "version":"1675346300201"}}
{"logTime": "0209/024517", "correlationVector":"efHlc+/IWcrtPycc7ZL8jM.134","action":"GetUpdates", "result":"DeleteReceived", "context":{"id":"63325e94-1aa1-463c-b1ec-0f7ab32758a9", "isDeleted:":"true", "version":"1675346300202"}}
{"logTime": "0209/024517", "correlationVector":"efHlc+/IWcrtPycc7ZL8jM.135","action":"GetUpdates", "result":"DeleteReceived", "context":{"id":"2d867a6f-40ae-4e5c-98b3-f91dd7e4513c", "isDeleted:":"true", "version":"1675346300203"}}
{"logTime": "0209/024517", "correlationVector":"efHlc+/IWcrtPycc7ZL8jM.136","action":"GetUpdates", "result":"DeleteReceived", "context":{"id":"3daa3b3e-fb5d-4cba-868f-63b919b457d1", "isDeleted:":"true", "version":"1675346300204"}}
{"logTime": "0209/024517", "correlationVector":"efHlc+/IWcrtPycc7ZL8jM.137","action":"GetUpdates", "result":"DeleteReceived", "context":{"id":"2d964e5f-13fb-4ff1-9e57-e39dbf037c5b", "isDeleted:":"true", "version":"1675346300205"}}
{"logTime": "0209/024517", "correlationVector":"efHlc+/IWcrtPycc7ZL8jM.138","action":"GetUpdates", "result":"DeleteReceived", "context":{"id":"d4d9d9a5-6d3d-4716-8230-7007908332d1", "isDeleted:":"true", "version":"1675346300206"}}
{"logTime": "0209/024517", "correlationVector":"efHlc+/IWcrtPycc7ZL8jM.139","action":"GetUpdates", "result":"DeleteReceived", "context":{"id":"33a85558-8289-424f-a496-3637d657d468", "isDeleted:":"true", "version":"1675346300207"}}
{"logTime": "0209/024517", "correlationVector":"efHlc+/IWcrtPycc7ZL8jM.140","action":"GetUpdates", "result":"DeleteReceived", "context":{"id":"e8c365e3-e717-46d3-b78c-2dc4034395c7", "isDeleted:":"true", "version":"1675346506265"}}
{"logTime": "0209/024517", "correlationVector":"efHlc+/IWcrtPycc7ZL8jM.141","action":"GetUpdates", "result":"DeleteReceived", "context":{"id":"2057089f-283e-479e-9962-1cf172ca48d8", "isDeleted:":"true", "version":"1675346614509"}}
{"logTime": "0209/024517", "correlationVector":"efHlc+/IWcrtPycc7ZL8jM.142","action":"GetUpdates", "result":"DeleteReceived", "context":{"id":"cb127345-e56f-48b9-8431-3362024c2d32", "isDeleted:":"true", "version":"1675347921892"}}
{"logTime": "0209/024517", "correlationVector":"efHlc+/IWcrtPycc7ZL8jM.143","action":"GetUpdates", "result":"DeleteReceived", "context":{"id":"5d32aa26-9168-4f03-be11-f4677fdf8e01", "isDeleted:":"true", "version":"1675348016665"}}
{"logTime": "0209/024517", "correlationVector":"efHlc+/IWcrtPycc7ZL8jM.144","action":"GetUpdates", "result":"DeleteReceived", "context":{"id":"978ff737-5770-4a27-82fd-f3da5bcaf7a6", "isDeleted:":"true", "version":"1675348110409"}}
{"logTime": "0209/024517", "correlationVector":"efHlc+/IWcrtPycc7ZL8jM.145","action":"GetUpdates", "result":"DeleteReceived", "context":{"id":"ad10e3ef-1da0-4733-bf65-aacebbbfe8d7", "isDeleted:":"true", "version":"1675348812839"}}
{"logTime": "0209/024517", "correlationVector":"efHlc+/IWcrtPycc7ZL8jM.146","action":"GetUpdates", "result":"DeleteReceived", "context":{"id":"11795c75-d1cc-4114-96f5-1b96f8d31ecc", "isDeleted:":"true", "version":"1675349005305"}}
{"logTime": "0209/024517", "correlationVector":"efHlc+/IWcrtPycc7ZL8jM.147","action":"GetUpdates", "result":"DeleteReceived", "context":{"id":"8607f332-781b-427d-b023-f2fe5affae45", "isDeleted:":"true", "version":"1675349005307"}}
{"logTime": "0209/024517", "correlationVector":"efHlc+/IWcrtPycc7ZL8jM.148","action":"GetUpdates", "result":"DeleteReceived", "context":{"id":"29b9042f-b7ce-43ef-96fa-29927220814d", "isDeleted:":"true", "version":"1675353132999"}}
{"logTime": "0209/024517", "correlationVector":"efHlc+/IWcrtPycc7ZL8jM.149","action":"GetUpdates", "result":"DeleteReceived", "context":{"id":"8705b8f4-ad2b-4c46-901d-5ba7db2d0f02", "isDeleted:":"true", "version":"1675353133001"}}
{"logTime": "0209/024517", "correlationVector":"efHlc+/IWcrtPycc7ZL8jM.150","action":"GetUpdates", "result":"DeleteReceived", "context":{"id":"e84ecbc1-0e0a-4c28-9d49-00b2b0dcbaa8", "isDeleted:":"true", "version":"1675353133002"}}
{"logTime": "0209/024517", "correlationVector":"efHlc+/IWcrtPycc7ZL8jM.151","action":"GetUpdates", "result":"DeleteReceived", "context":{"id":"5be888ef-27f1-4124-8d90-fc27515d87c2", "isDeleted:":"true", "version":"1675353133003"}}
{"logTime": "0209/024517", "correlationVector":"efHlc+/IWcrtPycc7ZL8jM.152","action":"GetUpdates", "result":"DeleteReceived", "context":{"id":"ebfaacca-5ce0-4f46-b0eb-30ad5ecef0eb", "isDeleted:":"true", "version":"1675353133004"}}
{"logTime": "0209/024517", "correlationVector":"efHlc+/IWcrtPycc7ZL8jM.153","action":"GetUpdates", "result":"DeleteReceived", "context":{"id":"d006f6c5-6d4c-4482-8dea-c70186c00d66", "isDeleted:":"true", "version":"1675353133005"}}
{"logTime": "0209/024517", "correlationVector":"efHlc+/IWcrtPycc7ZL8jM.154","action":"GetUpdates", "result":"DeleteReceived", "context":{"id":"6099367a-b530-41be-a22b-295756fb2f22", "isDeleted:":"true", "version":"1675353133006"}}
{"logTime": "0209/024517", "correlationVector":"efHlc+/IWcrtPycc7ZL8jM.155","action":"GetUpdates", "result":"DeleteReceived", "context":{"id":"563928f2-8295-4316-b2b1-c86c3fa987af", "isDeleted:":"true", "version":"1675353133007"}}
{"logTime": "0209/024517", "correlationVector":"efHlc+/IWcrtPycc7ZL8jM.156","action":"GetUpdates", "result":"DeleteReceived", "context":{"id":"bab37b9f-f621-46fa-820d-dfcf2f333fa6", "isDeleted:":"true", "version":"1675353133008"}}
{"logTime": "0209/024517", "correlationVector":"efHlc+/IWcrtPycc7ZL8jM.157","action":"GetUpdates", "result":"DeleteReceived", "context":{"id":"39b6fc46-bc55-4791-8baa-e73eabdf3549", "isDeleted:":"true", "version":"1675353133009"}}
{"logTime": "0209/024517", "correlationVector":"efHlc+/IWcrtPycc7ZL8jM.158","action":"GetUpdates", "result":"DeleteReceived", "context":{"id":"eac84da0-4b74-4432-be90-320b3afcd777", "isDeleted:":"true", "version":"1675353133010"}}
{"logTime": "0209/024517", "correlationVector":"efHlc+/IWcrtPycc7ZL8jM.159","action":"GetUpdates", "result":"DeleteReceived", "context":{"id":"19026841-5649-4c03-ab69-b9a035c72d5b", "isDeleted:":"true", "version":"1675353133011"}}
{"logTime": "0209/024517", "correlationVector":"efHlc+/IWcrtPycc7ZL8jM.160","action":"GetUpdates", "result":"DeleteReceived", "context":{"id":"202bdc80-99d0-48de-8931-048fb3b141f4", "isDeleted:":"true", "version":"1675353133012"}}
{"logTime": "0209/024517", "correlationVector":"efHlc+/IWcrtPycc7ZL8jM.161","action":"GetUpdates", "result":"DeleteReceived", "context":{"id":"4a743159-de4c-4e88-84a3-b773ec76d3b0", "isDeleted:":"true", "version":"1675353133013"}}
{"logTime": "0209/024517", "correlationVector":"efHlc+/IWcrtPycc7ZL8jM.162","action":"GetUpdates", "result":"DeleteReceived", "context":{"id":"1584cba5-7efc-45a2-a49c-ecddbd64cfc2", "isDeleted:":"true", "version":"1675353133014"}}
{"logTime": "0209/024517", "correlationVector":"efHlc+/IWcrtPycc7ZL8jM.163","action":"GetUpdates", "result":"DeleteReceived", "context":{"id":"ba5fa29b-91d6-45dc-b447-103c7075d52c", "isDeleted:":"true", "version":"1675353133015"}}
{"logTime": "0209/024517", "correlationVector":"efHlc+/IWcrtPycc7ZL8jM.164","action":"GetUpdates", "result":"DeleteReceived", "context":{"id":"5d005108-737e-4eb7-bb12-85e42313397c", "isDeleted:":"true", "version":"1675353133016"}}
{"logTime": "0209/024517", "correlationVector":"efHlc+/IWcrtPycc7ZL8jM.165","action":"GetUpdates", "result":"DeleteReceived", "context":{"id":"39c7ad62-c759-4751-bc7a-1843bc67053e", "isDeleted:":"true", "version":"1675353344549"}}
{"logTime": "0209/024517", "correlationVector":"efHlc+/IWcrtPycc7ZL8jM.166","action":"GetUpdates", "result":"DeleteReceived", "context":{"id":"e758dd8b-9adf-40e0-ad89-2cb95a0d58cc", "isDeleted:":"true", "version":"1675353706326"}}
{"logTime": "0209/024517", "correlationVector":"efHlc+/IWcrtPycc7ZL8jM.167","action":"GetUpdates", "result":"DeleteReceived", "context":{"id":"8fb1a30b-da5b-4d76-aa70-5a821f6da1d5", "isDeleted:":"true", "version":"1675356981543"}}
{"logTime": "0209/024517", "correlationVector":"efHlc+/IWcrtPycc7ZL8jM.168","action":"GetUpdates", "result":"DeleteReceived", "context":{"id":"42cac0ca-d70c-4b8f-b9aa-d0594e860c3d", "isDeleted:":"true", "version":"1675356981544"}}
{"logTime": "0209/024517", "correlationVector":"efHlc+/IWcrtPycc7ZL8jM.169","action":"GetUpdates", "result":"DeleteReceived", "context":{"id":"630c2478-b32c-402b-bebf-510831e8e4ef", "isDeleted:":"true", "version":"1675356981545"}}
{"logTime": "0209/024517", "correlationVector":"efHlc+/IWcrtPycc7ZL8jM.170","action":"GetUpdates", "result":"DeleteReceived", "context":{"id":"49917e69-eb89-47ae-8f25-bd3272b17d2b", "isDeleted:":"true", "version":"1675356981546"}}
{"logTime": "0209/024517", "correlationVector":"efHlc+/IWcrtPycc7ZL8jM.171","action":"GetUpdates", "result":"DeleteReceived", "context":{"id":"ae9f8e36-bdf5-4765-847f-ce75c799f628", "isDeleted:":"true", "version":"1675404357705"}}
{"logTime": "0209/024517", "correlationVector":"efHlc+/IWcrtPycc7ZL8jM.172","action":"GetUpdates", "result":"DeleteReceived", "context":{"id":"a2355e38-c347-42b1-b917-ca832b37da0b", "isDeleted:":"true", "version":"1675404357706"}}
{"logTime": "0209/024517", "correlationVector":"efHlc+/IWcrtPycc7ZL8jM.173","action":"GetUpdates", "result":"DeleteReceived", "context":{"id":"7bb90304-9d45-4faf-9da4-b4c623a0343b", "isDeleted:":"true", "version":"1675404357707"}}
{"logTime": "0209/024517", "correlationVector":"efHlc+/IWcrtPycc7ZL8jM.174","action":"GetUpdates", "result":"DeleteReceived", "context":{"id":"4d42e939-54a5-4c77-b6b9-a6521bc8f6fa", "isDeleted:":"true", "version":"1675423527580"}}
{"logTime": "0209/024517", "correlationVector":"efHlc+/IWcrtPycc7ZL8jM.175","action":"GetUpdates", "result":"DeleteReceived", "context":{"id":"b66eab38-5966-4919-8b83-6caec459f899", "isDeleted:":"true", "version":"1675430043279"}}
{"logTime": "0209/024517", "correlationVector":"efHlc+/IWcrtPycc7ZL8jM.176","action":"GetUpdates", "result":"DeleteReceived", "context":{"id":"09c70ba4-2062-48d8-826c-41e94faff743", "isDeleted:":"true", "version":"1675430245960"}}
{"logTime": "0209/024517", "correlationVector":"efHlc+/IWcrtPycc7ZL8jM.177","action":"GetUpdates", "result":"DeleteReceived", "context":{"id":"1018f09b-cb8f-4c88-8eb8-b7c4e4de2853", "isDeleted:":"true", "version":"1675430245961"}}
{"logTime": "0209/024517", "correlationVector":"efHlc+/IWcrtPycc7ZL8jM.178","action":"GetUpdates Response", "result":"SERVER_MORE_TO_DOWNLOAD", "context":Received 190 update(s).  Some updates remain.}
{"logTime": "0209/024517", "correlationVector":"oBGnXU4R2btE6sS+ZpkJ+p","action":"Normal GetUpdate request", "result":"", "context":cV=oBGnXU4R2btE6sS+ZpkJ+p
Nudged types: Sessions, User Consents
Refresh requested types: Bookmarks, Preferences, Passwords, Autofill Profiles, Autofill, Autofill Custom Data, Typed URLs, Extensions, Sessions, Extension settings, History Delete Directives, Device Info, User Consents, Send Tab To Self, Collection, Encryption Keys}
{"logTime": "0209/024517", "correlationVector":"oBGnXU4R2btE6sS+ZpkJ+p.1","action":"SyncServerConnectionManagerRequest", "result":"SYNC_SERVER_OK", "context":{"environment":"Prod_SoutheastAsia_000j", "server":"GENERAL0100000X"}}
{"logTime": "0209/024517", "correlationVector":"oBGnXU4R2btE6sS+ZpkJ+p.2","action":"GetUpdates", "result":"DeleteReceived", "context":{"id":"48815839-9296-44ab-af33-41c6d5faa604", "isDeleted:":"true", "version":"1675752079148"}}
{"logTime": "0209/024517", "correlationVector":"oBGnXU4R2btE6sS+ZpkJ+p.3","action":"GetUpdates", "result":"DeleteReceived", "context":{"id":"5539bdba-6f6c-421b-bdb0-b624fec7a4a9", "isDeleted:":"true", "version":"1675441128923"}}
{"logTime": "0209/024517", "correlationVector":"oBGnXU4R2btE6sS+ZpkJ+p.4","action":"GetUpdates", "result":"DeleteReceived", "context":{"id":"f464d70e-8576-40d4-98b6-a0fdcd5115cf", "isDeleted:":"true", "version":"1675447555380"}}
{"logTime": "0209/024517", "correlationVector":"oBGnXU4R2btE6sS+ZpkJ+p.5","action":"GetUpdates", "result":"DeleteReceived", "context":{"id":"9053980b-7720-4d26-8709-532c38c1c8ab", "isDeleted:":"true", "version":"1675478494367"}}
{"logTime": "0209/024517", "correlationVector":"oBGnXU4R2btE6sS+ZpkJ+p.6","action":"GetUpdates", "result":"DeleteReceived", "context":{"id":"3fac0436-df73-4f03-b42a-cf2a7828cc1a", "isDeleted:":"true", "version":"1675478494368"}}
{"logTime": "0209/024517", "correlationVector":"oBGnXU4R2btE6sS+ZpkJ+p.7","action":"GetUpdates", "result":"DeleteReceived", "context":{"id":"53f3b44b-f3af-422d-9fb4-92be93de1988", "isDeleted:":"true", "version":"1675478494369"}}
{"logTime": "0209/024517", "correlationVector":"oBGnXU4R2btE6sS+ZpkJ+p.8","action":"GetUpdates", "result":"DeleteReceived", "context":{"id":"cf81ed79-2894-4e89-a1aa-d4b43e534dae", "isDeleted:":"true", "version":"1675478494370"}}
{"logTime": "0209/024517", "correlationVector":"oBGnXU4R2btE6sS+ZpkJ+p.9","action":"GetUpdates", "result":"DeleteReceived", "context":{"id":"f12ada05-a81c-4d55-b221-f6ef43fb7f18", "isDeleted:":"true", "version":"1675478494371"}}
{"logTime": "0209/024517", "correlationVector":"oBGnXU4R2btE6sS+ZpkJ+p.10","action":"GetUpdates", "result":"DeleteReceived", "context":{"id":"6e630ef3-c406-46a7-a56f-96b556f10557", "isDeleted:":"true", "version":"1675478494372"}}
{"logTime": "0209/024517", "correlationVector":"oBGnXU4R2btE6sS+ZpkJ+p.11","action":"GetUpdates", "result":"DeleteReceived", "context":{"id":"01227acc-8087-4577-ac1f-d42ad1adc020", "isDeleted:":"true", "version":"1675478494373"}}
{"logTime": "0209/024517", "correlationVector":"oBGnXU4R2btE6sS+ZpkJ+p.12","action":"GetUpdates", "result":"DeleteReceived", "context":{"id":"5ef2bda9-f288-4007-8b0a-59d099fbe98e", "isDeleted:":"true", "version":"1675478494374"}}
{"logTime": "0209/024517", "correlationVector":"oBGnXU4R2btE6sS+ZpkJ+p.13","action":"GetUpdates", "result":"DeleteReceived", "context":{"id":"cb88e088-7ce8-43dd-b7f3-80a537dd8899", "isDeleted:":"true", "version":"1675478494375"}}
{"logTime": "0209/024517", "correlationVector":"oBGnXU4R2btE6sS+ZpkJ+p.14","action":"GetUpdates", "result":"DeleteReceived", "context":{"id":"2ec8dd4d-7777-4818-9bd5-a9333ba7b2f0", "isDeleted:":"true", "version":"1675480950452"}}
{"logTime": "0209/024517", "correlationVector":"oBGnXU4R2btE6sS+ZpkJ+p.15","action":"GetUpdates", "result":"DeleteReceived", "context":{"id":"4e1c620c-8781-4a3e-9688-bd640e158760", "isDeleted:":"true", "version":"1675496117731"}}
{"logTime": "0209/024517", "correlationVector":"oBGnXU4R2btE6sS+ZpkJ+p.16","action":"GetUpdates", "result":"DeleteReceived", "context":{"id":"a4a88053-399c-40a8-990b-1f990bd7466d", "isDeleted:":"true", "version":"1675496368311"}}
{"logTime": "0209/024517", "correlationVector":"oBGnXU4R2btE6sS+ZpkJ+p.17","action":"GetUpdates", "result":"DeleteReceived", "context":{"id":"f76e6cc9-2ca8-4e18-9aa7-ff5ccd55f1cd", "isDeleted:":"true", "version":"1675496368312"}}
{"logTime": "0209/024517", "correlationVector":"oBGnXU4R2btE6sS+ZpkJ+p.18","action":"GetUpdates", "result":"DeleteReceived", "context":{"id":"db2d1d94-8958-40c9-8fed-83faeee32def", "isDeleted:":"true", "version":"1675496368313"}}
{"logTime": "0209/024517", "correlationVector":"oBGnXU4R2btE6sS+ZpkJ+p.19","action":"GetUpdates", "result":"DeleteReceived", "context":{"id":"85256f5c-a419-44d9-89cb-ad24345edbe5", "isDeleted:":"true", "version":"1675496591367"}}
{"logTime": "0209/024517", "correlationVector":"oBGnXU4R2btE6sS+ZpkJ+p.20","action":"GetUpdates", "result":"DeleteReceived", "context":{"id":"08aadc87-26f7-44aa-9f2a-fead30b3af84", "isDeleted:":"true", "version":"1675496591370"}}
{"logTime": "0209/024517", "correlationVector":"oBGnXU4R2btE6sS+ZpkJ+p.21","action":"GetUpdates", "result":"DeleteReceived", "context":{"id":"fd7c204c-f48e-41cd-8d21-0827f0004a1c", "isDeleted:":"true", "version":"1675512966893"}}
{"logTime": "0209/024517", "correlationVector":"oBGnXU4R2btE6sS+ZpkJ+p.22","action":"GetUpdates", "result":"DeleteReceived", "context":{"id":"5559af42-a784-4675-a96f-00dc333e7ee6", "isDeleted:":"true", "version":"1675512966894"}}
{"logTime": "0209/024517", "correlationVector":"oBGnXU4R2btE6sS+ZpkJ+p.23","action":"GetUpdates", "result":"DeleteReceived", "context":{"id":"af55eb8c-4f9b-45ff-a370-22cd46af9839", "isDeleted:":"true", "version":"1675512966895"}}
{"logTime": "0209/024517", "correlationVector":"oBGnXU4R2btE6sS+ZpkJ+p.24","action":"GetUpdates", "result":"DeleteReceived", "context":{"id":"d89c90ed-29ba-4be1-91ec-471fc439558b", "isDeleted:":"true", "version":"1675515187047"}}
{"logTime": "0209/024517", "correlationVector":"oBGnXU4R2btE6sS+ZpkJ+p.25","action":"GetUpdates", "result":"DeleteReceived", "context":{"id":"bec63134-39ea-4bc0-bb81-5229a0540248", "isDeleted:":"true", "version":"1675515601792"}}
{"logTime": "0209/024517", "correlationVector":"oBGnXU4R2btE6sS+ZpkJ+p.26","action":"GetUpdates", "result":"DeleteReceived", "context":{"id":"73950bfa-3beb-4296-9230-ecc7e4b5d10d", "isDeleted:":"true", "version":"1675516225028"}}
{"logTime": "0209/024517", "correlationVector":"oBGnXU4R2btE6sS+ZpkJ+p.27","action":"GetUpdates", "result":"DeleteReceived", "context":{"id":"79b5ca29-3d81-41f5-a080-6f665eb651cf", "isDeleted:":"true", "version":"1675518014896"}}
{"logTime": "0209/024517", "correlationVector":"oBGnXU4R2btE6sS+ZpkJ+p.28","action":"GetUpdates", "result":"DeleteReceived", "context":{"id":"fdf567de-eb29-498b-847e-481a47dc61e5", "isDeleted:":"true", "version":"1675521557932"}}
{"logTime": "0209/024517", "correlationVector":"oBGnXU4R2btE6sS+ZpkJ+p.29","action":"GetUpdates", "result":"DeleteReceived", "context":{"id":"e0cc9ab9-4e1c-485c-a6e6-91c7d6ee7dac", "isDeleted:":"true", "version":"1675521557933"}}
{"logTime": "0209/024517", "correlationVector":"oBGnXU4R2btE6sS+ZpkJ+p.30","action":"GetUpdates", "result":"DeleteReceived", "context":{"id":"ed8fff48-9be8-4f38-a7f3-0ebcfb86935e", "isDeleted:":"true", "version":"1675521557934"}}
{"logTime": "0209/024517", "correlationVector":"oBGnXU4R2btE6sS+ZpkJ+p.31","action":"GetUpdates", "result":"DeleteReceived", "context":{"id":"74ac1933-1f3b-485d-9699-0c5178e94221", "isDeleted:":"true", "version":"1675521557935"}}
{"logTime": "0209/024517", "correlationVector":"oBGnXU4R2btE6sS+ZpkJ+p.32","action":"GetUpdates", "result":"DeleteReceived", "context":{"id":"32a0d7c8-d06f-46a9-aceb-1e956e578e58", "isDeleted:":"true", "version":"1675521557936"}}
{"logTime": "0209/024517", "correlationVector":"oBGnXU4R2btE6sS+ZpkJ+p.33","action":"GetUpdates", "result":"DeleteReceived", "context":{"id":"8a5bb5bb-9f0f-405c-8c78-435c18593f47", "isDeleted:":"true", "version":"1675521557937"}}
{"logTime": "0209/024517", "correlationVector":"oBGnXU4R2btE6sS+ZpkJ+p.34","action":"GetUpdates", "result":"DeleteReceived", "context":{"id":"61ae87bb-f1c2-4eb8-b175-ad9de5a26623", "isDeleted:":"true", "version":"1675521557938"}}
{"logTime": "0209/024517", "correlationVector":"oBGnXU4R2btE6sS+ZpkJ+p.35","action":"GetUpdates", "result":"DeleteReceived", "context":{"id":"00cc2d8b-ab3e-4f2d-941c-b9dfb1830c5a", "isDeleted:":"true", "version":"1675521844056"}}
{"logTime": "0209/024517", "correlationVector":"oBGnXU4R2btE6sS+ZpkJ+p.36","action":"GetUpdates", "result":"DeleteReceived", "context":{"id":"114ef975-7e00-4255-b933-5d82dc698cb6", "isDeleted:":"true", "version":"1675523824432"}}
{"logTime": "0209/024517", "correlationVector":"oBGnXU4R2btE6sS+ZpkJ+p.37","action":"GetUpdates", "result":"DeleteReceived", "context":{"id":"d8884358-8e50-4bfd-b4f4-95c450fc4598", "isDeleted:":"true", "version":"1675571570718"}}
{"logTime": "0209/024517", "correlationVector":"oBGnXU4R2btE6sS+ZpkJ+p.38","action":"GetUpdates", "result":"DeleteReceived", "context":{"id":"aeb9e772-5fc8-43b9-bd1c-0651f852ada2", "isDeleted:":"true", "version":"1675572785989"}}
{"logTime": "0209/024517", "correlationVector":"oBGnXU4R2btE6sS+ZpkJ+p.39","action":"GetUpdates", "result":"DeleteReceived", "context":{"id":"54aed476-e5e3-41e0-9ea7-b74f37aa366f", "isDeleted:":"true", "version":"1675592408562"}}
{"logTime": "0209/024517", "correlationVector":"oBGnXU4R2btE6sS+ZpkJ+p.40","action":"GetUpdates", "result":"DeleteReceived", "context":{"id":"6630ac0b-78e1-4a60-a229-1acaebd51845", "isDeleted:":"true", "version":"1675593188121"}}
{"logTime": "0209/024517", "correlationVector":"oBGnXU4R2btE6sS+ZpkJ+p.41","action":"GetUpdates", "result":"DeleteReceived", "context":{"id":"93a46565-da1a-4e04-b4d9-c8f7a3e57632", "isDeleted:":"true", "version":"1675596496899"}}
{"logTime": "0209/024517", "correlationVector":"oBGnXU4R2btE6sS+ZpkJ+p.42","action":"GetUpdates", "result":"DeleteReceived", "context":{"id":"21095e61-b8c1-46f9-ae9d-c8e9db46c0ff", "isDeleted:":"true", "version":"1675596496900"}}
{"logTime": "0209/024517", "correlationVector":"oBGnXU4R2btE6sS+ZpkJ+p.43","action":"GetUpdates", "result":"DeleteReceived", "context":{"id":"e15212e3-4226-419e-8be8-e4e788a9b0f4", "isDeleted:":"true", "version":"1675603530619"}}
{"logTime": "0209/024517", "correlationVector":"oBGnXU4R2btE6sS+ZpkJ+p.44","action":"GetUpdates", "result":"DeleteReceived", "context":{"id":"8c89a322-0886-4324-b94a-7b80809be5b9", "isDeleted:":"true", "version":"1675603567439"}}
{"logTime": "0209/024517", "correlationVector":"oBGnXU4R2btE6sS+ZpkJ+p.45","action":"GetUpdates", "result":"DeleteReceived", "context":{"id":"2080a0b7-e89f-44ce-9a6e-fc3467ca8e43", "isDeleted:":"true", "version":"1675604730929"}}
{"logTime": "0209/024517", "correlationVector":"oBGnXU4R2btE6sS+ZpkJ+p.46","action":"GetUpdates", "result":"DeleteReceived", "context":{"id":"022d7f47-75a2-4995-b0fe-d7df1de58203", "isDeleted:":"true", "version":"1675604730930"}}
{"logTime": "0209/024517", "correlationVector":"oBGnXU4R2btE6sS+ZpkJ+p.47","action":"GetUpdates", "result":"DeleteReceived", "context":{"id":"5af61a02-454a-406a-b050-ca7151cf49a3", "isDeleted:":"true", "version":"1675604730931"}}
{"logTime": "0209/024517", "correlationVector":"oBGnXU4R2btE6sS+ZpkJ+p.48","action":"GetUpdates", "result":"DeleteReceived", "context":{"id":"dd43c1a6-cde9-4255-98c1-e7263b85de97", "isDeleted:":"true", "version":"1675604730932"}}
{"logTime": "0209/024517", "correlationVector":"oBGnXU4R2btE6sS+ZpkJ+p.49","action":"GetUpdates", "result":"DeleteReceived", "context":{"id":"acdd5141-ca76-4045-8fba-c53d419abdbd", "isDeleted:":"true", "version":"1675605323973"}}
{"logTime": "0209/024517", "correlationVector":"oBGnXU4R2btE6sS+ZpkJ+p.50","action":"GetUpdates", "result":"DeleteReceived", "context":{"id":"700dd7e9-6a06-4478-8bc3-6d6d4367fee7", "isDeleted:":"true", "version":"1675605404741"}}
{"logTime": "0209/024517", "correlationVector":"oBGnXU4R2btE6sS+ZpkJ+p.51","action":"GetUpdates", "result":"DeleteReceived", "context":{"id":"517c108e-e4ed-4350-b807-a7a5a1961d2c", "isDeleted:":"true", "version":"1675607236237"}}
{"logTime": "0209/024517", "correlationVector":"oBGnXU4R2btE6sS+ZpkJ+p.52","action":"GetUpdates", "result":"DeleteReceived", "context":{"id":"ed743b41-aabf-4bdb-8b8e-44037c146db8", "isDeleted:":"true", "version":"1675609280530"}}
{"logTime": "0209/024517", "correlationVector":"oBGnXU4R2btE6sS+ZpkJ+p.53","action":"GetUpdates", "result":"DeleteReceived", "context":{"id":"73129615-da41-4b95-b20f-2203e7f64c74", "isDeleted:":"true", "version":"1675609280531"}}
{"logTime": "0209/024517", "correlationVector":"oBGnXU4R2btE6sS+ZpkJ+p.54","action":"GetUpdates", "result":"DeleteReceived", "context":{"id":"3d9ff985-53b6-4577-b67f-e931037f7d8d", "isDeleted:":"true", "version":"1675614877226"}}
{"logTime": "0209/024517", "correlationVector":"oBGnXU4R2btE6sS+ZpkJ+p.55","action":"GetUpdates", "result":"DeleteReceived", "context":{"id":"f38bf444-9283-41a7-9727-34f6f8a573f3", "isDeleted:":"true", "version":"1675614877227"}}
{"logTime": "0209/024517", "correlationVector":"oBGnXU4R2btE6sS+ZpkJ+p.56","action":"GetUpdates", "result":"DeleteReceived", "context":{"id":"6179bb48-a2d8-4f18-8c5d-08a9db066ee9", "isDeleted:":"true", "version":"1675615724725"}}
{"logTime": "0209/024517", "correlationVector":"oBGnXU4R2btE6sS+ZpkJ+p.57","action":"GetUpdates", "result":"DeleteReceived", "context":{"id":"6d7ddcfc-81cc-41ef-ba8e-90b15a509d2a", "isDeleted:":"true", "version":"1675616866768"}}
{"logTime": "0209/024517", "correlationVector":"oBGnXU4R2btE6sS+ZpkJ+p.58","action":"GetUpdates", "result":"DeleteReceived", "context":{"id":"bc81e136-3d28-41b9-b057-85268565f1f4", "isDeleted:":"true", "version":"1675616866771"}}
{"logTime": "0209/024517", "correlationVector":"oBGnXU4R2btE6sS+ZpkJ+p.59","action":"GetUpdates", "result":"DeleteReceived", "context":{"id":"3afad542-fc24-465e-bcaf-7e9eb02c2a59", "isDeleted:":"true", "version":"1675616913971"}}
{"logTime": "0209/024517", "correlationVector":"oBGnXU4R2btE6sS+ZpkJ+p.60","action":"GetUpdates", "result":"DeleteReceived", "context":{"id":"22ece66d-6983-4f8b-8278-fbb05c4ee79b", "isDeleted:":"true", "version":"1675616913974"}}
{"logTime": "0209/024517", "correlationVector":"oBGnXU4R2btE6sS+ZpkJ+p.61","action":"GetUpdates", "result":"DeleteReceived", "context":{"id":"ef11611e-e39a-4bc2-804e-bb67ef0d3b49", "isDeleted:":"true", "version":"1675616992398"}}
{"logTime": "0209/024517", "correlationVector":"oBGnXU4R2btE6sS+ZpkJ+p.62","action":"GetUpdates", "result":"DeleteReceived", "context":{"id":"5af44eb8-3b2a-472f-9a2f-28f8aec75dbd", "isDeleted:":"true", "version":"1675616992399"}}
{"logTime": "0209/024517", "correlationVector":"oBGnXU4R2btE6sS+ZpkJ+p.63","action":"GetUpdates", "result":"DeleteReceived", "context":{"id":"ffd6401d-2290-436a-8def-eeb541297493", "isDeleted:":"true", "version":"1675617028603"}}
{"logTime": "0209/024517", "correlationVector":"oBGnXU4R2btE6sS+ZpkJ+p.64","action":"GetUpdates", "result":"DeleteReceived", "context":{"id":"5c0386cd-1680-4718-ba32-d3c38f0d199e", "isDeleted:":"true", "version":"1675617028605"}}
{"logTime": "0209/024517", "correlationVector":"oBGnXU4R2btE6sS+ZpkJ+p.65","action":"GetUpdates", "result":"DeleteReceived", "context":{"id":"4dcabc1d-4633-4dcd-9dfb-2fb143fd104a", "isDeleted:":"true", "version":"1675618021925"}}
{"logTime": "0209/024517", "correlationVector":"oBGnXU4R2btE6sS+ZpkJ+p.66","action":"GetUpdates", "result":"DeleteReceived", "context":{"id":"d3f0e2db-7b7a-4c0f-9171-8666a1696aed", "isDeleted:":"true", "version":"1675618285843"}}
{"logTime": "0209/024517", "correlationVector":"oBGnXU4R2btE6sS+ZpkJ+p.67","action":"GetUpdates", "result":"DeleteReceived", "context":{"id":"80ba3a5a-56ae-4fa6-b6e9-c73f3baec5ff", "isDeleted:":"true", "version":"1675618441787"}}
{"logTime": "0209/024517", "correlationVector":"oBGnXU4R2btE6sS+ZpkJ+p.68","action":"GetUpdates", "result":"DeleteReceived", "context":{"id":"4c3b6224-88a7-47af-884b-1fbfdcb6f7ed", "isDeleted:":"true", "version":"1675645104218"}}
{"logTime": "0209/024517", "correlationVector":"oBGnXU4R2btE6sS+ZpkJ+p.69","action":"GetUpdates", "result":"DeleteReceived", "context":{"id":"be984251-60e1-4ec4-b2bc-21925f82da5e", "isDeleted:":"true", "version":"1675645171206"}}
{"logTime": "0209/024517", "correlationVector":"oBGnXU4R2btE6sS+ZpkJ+p.70","action":"GetUpdates", "result":"DeleteReceived", "context":{"id":"b64847ee-a4bf-4448-beff-4aa16ba4db27", "isDeleted:":"true", "version":"1675645171208"}}
{"logTime": "0209/024517", "correlationVector":"oBGnXU4R2btE6sS+ZpkJ+p.71","action":"GetUpdates", "result":"DeleteReceived", "context":{"id":"35e89bcf-4771-4fa2-b701-d7872cf3fdfb", "isDeleted:":"true", "version":"1675645171210"}}
{"logTime": "0209/024517", "correlationVector":"oBGnXU4R2btE6sS+ZpkJ+p.72","action":"GetUpdates", "result":"DeleteReceived", "context":{"id":"0d9abbb0-f66c-4a9e-a092-02a79a5ca0a7", "isDeleted:":"true", "version":"1675645171211"}}
{"logTime": "0209/024517", "correlationVector":"oBGnXU4R2btE6sS+ZpkJ+p.73","action":"GetUpdates", "result":"DeleteReceived", "context":{"id":"833e67b5-7630-4a4d-9f64-20db62c81032", "isDeleted:":"true", "version":"1675645171212"}}
{"logTime": "0209/024517", "correlationVector":"oBGnXU4R2btE6sS+ZpkJ+p.74","action":"GetUpdates", "result":"DeleteReceived", "context":{"id":"f2ebcb63-b015-44d1-a677-9c4898fe24c0", "isDeleted:":"true", "version":"1675645171213"}}
{"logTime": "0209/024517", "correlationVector":"oBGnXU4R2btE6sS+ZpkJ+p.75","action":"GetUpdates", "result":"DeleteReceived", "context":{"id":"5004bb99-db85-47b4-96fa-1c1b9b65a30c", "isDeleted:":"true", "version":"1675645171214"}}
{"logTime": "0209/024517", "correlationVector":"oBGnXU4R2btE6sS+ZpkJ+p.76","action":"GetUpdates", "result":"DeleteReceived", "context":{"id":"007bd2a9-2caf-417a-9696-cfe8d222359f", "isDeleted:":"true", "version":"1675645171215"}}
{"logTime": "0209/024517", "correlationVector":"oBGnXU4R2btE6sS+ZpkJ+p.77","action":"GetUpdates", "result":"DeleteReceived", "context":{"id":"02a75658-e532-4f6f-a203-cc05227224a1", "isDeleted:":"true", "version":"1675645171217"}}
{"logTime": "0209/024517", "correlationVector":"oBGnXU4R2btE6sS+ZpkJ+p.78","action":"GetUpdates", "result":"DeleteReceived", "context":{"id":"c3f56179-c230-4f88-b0c7-69c8243b2a07", "isDeleted:":"true", "version":"1675645171218"}}
{"logTime": "0209/024517", "correlationVector":"oBGnXU4R2btE6sS+ZpkJ+p.79","action":"GetUpdates", "result":"DeleteReceived", "context":{"id":"dd4e687b-ca17-4c12-b3d2-1f7eec88b864", "isDeleted:":"true", "version":"1675645957690"}}
{"logTime": "0209/024517", "correlationVector":"oBGnXU4R2btE6sS+ZpkJ+p.80","action":"GetUpdates", "result":"DeleteReceived", "context":{"id":"055d9fd6-d613-460c-bd9e-94255364f9d6", "isDeleted:":"true", "version":"1675646658983"}}
{"logTime": "0209/024517", "correlationVector":"oBGnXU4R2btE6sS+ZpkJ+p.81","action":"GetUpdates", "result":"DeleteReceived", "context":{"id":"f32e82b8-b85c-4f9d-a00b-cca866aff818", "isDeleted:":"true", "version":"1675647650737"}}
{"logTime": "0209/024517", "correlationVector":"oBGnXU4R2btE6sS+ZpkJ+p.82","action":"GetUpdates", "result":"DeleteReceived", "context":{"id":"5a23148c-ce2f-4961-8286-898c7bbea41d", "isDeleted:":"true", "version":"1675648578241"}}
{"logTime": "0209/024517", "correlationVector":"oBGnXU4R2btE6sS+ZpkJ+p.83","action":"GetUpdates", "result":"DeleteReceived", "context":{"id":"835178f3-9e64-427e-a0a3-fdffdcafacec", "isDeleted:":"true", "version":"1675648578242"}}
{"logTime": "0209/024517", "correlationVector":"oBGnXU4R2btE6sS+ZpkJ+p.84","action":"GetUpdates", "result":"DeleteReceived", "context":{"id":"6483b317-e51f-47c5-a990-33c779bf96ed", "isDeleted:":"true", "version":"1675648578243"}}
{"logTime": "0209/024517", "correlationVector":"oBGnXU4R2btE6sS+ZpkJ+p.85","action":"GetUpdates", "result":"DeleteReceived", "context":{"id":"9f3dbd0f-9e43-4648-9fe0-cdf715dbc65a", "isDeleted:":"true", "version":"1675648578245"}}
{"logTime": "0209/024517", "correlationVector":"oBGnXU4R2btE6sS+ZpkJ+p.86","action":"GetUpdates", "result":"DeleteReceived", "context":{"id":"fd35f894-a3e8-4921-b7b6-d4b3ec606cf8", "isDeleted:":"true", "version":"1675648578246"}}
{"logTime": "0209/024517", "correlationVector":"oBGnXU4R2btE6sS+ZpkJ+p.87","action":"GetUpdates", "result":"DeleteReceived", "context":{"id":"c010b734-e96f-4920-9f33-3696c7e0411d", "isDeleted:":"true", "version":"1675648578247"}}
{"logTime": "0209/024517", "correlationVector":"oBGnXU4R2btE6sS+ZpkJ+p.88","action":"GetUpdates", "result":"DeleteReceived", "context":{"id":"560ee4a2-e679-4a07-9d8d-0dbf5ac6a99c", "isDeleted:":"true", "version":"1675648578248"}}
{"logTime": "0209/024517", "correlationVector":"oBGnXU4R2btE6sS+ZpkJ+p.89","action":"GetUpdates", "result":"DeleteReceived", "context":{"id":"178f3a64-681e-4e9a-8cdc-9a7b1dae174f", "isDeleted:":"true", "version":"1675648578249"}}
{"logTime": "0209/024517", "correlationVector":"oBGnXU4R2btE6sS+ZpkJ+p.90","action":"GetUpdates", "result":"DeleteReceived", "context":{"id":"4bc39b5b-7fe7-475b-aede-cd9f867ddc49", "isDeleted:":"true", "version":"1675648578250"}}
{"logTime": "0209/024517", "correlationVector":"oBGnXU4R2btE6sS+ZpkJ+p.91","action":"GetUpdates", "result":"DeleteReceived", "context":{"id":"149285ab-1477-41bb-aa16-6cd0c4dac872", "isDeleted:":"true", "version":"1675648578251"}}
{"logTime": "0209/024517", "correlationVector":"oBGnXU4R2btE6sS+ZpkJ+p.92","action":"GetUpdates", "result":"DeleteReceived", "context":{"id":"e0e1f156-99f8-4be4-9344-f8d3c1cbe7d3", "isDeleted:":"true", "version":"1675648610260"}}
{"logTime": "0209/024517", "correlationVector":"oBGnXU4R2btE6sS+ZpkJ+p.93","action":"GetUpdates", "result":"DeleteReceived", "context":{"id":"140ca62d-6216-4a47-a0c7-1a209c0d89a8", "isDeleted:":"true", "version":"1675648717410"}}
{"logTime": "0209/024517", "correlationVector":"oBGnXU4R2btE6sS+ZpkJ+p.94","action":"GetUpdates", "result":"DeleteReceived", "context":{"id":"77469477-390f-439c-9483-28845f0c3a62", "isDeleted:":"true", "version":"1675648717413"}}
{"logTime": "0209/024517", "correlationVector":"oBGnXU4R2btE6sS+ZpkJ+p.95","action":"GetUpdates", "result":"DeleteReceived", "context":{"id":"9420750d-a077-4413-8676-b198edb95ada", "isDeleted:":"true", "version":"1675648748406"}}
{"logTime": "0209/024517", "correlationVector":"oBGnXU4R2btE6sS+ZpkJ+p.96","action":"GetUpdates", "result":"DeleteReceived", "context":{"id":"f06a5660-1faa-4be8-87b2-aa64d08f78dd", "isDeleted:":"true", "version":"1675654002336"}}
{"logTime": "0209/024517", "correlationVector":"oBGnXU4R2btE6sS+ZpkJ+p.97","action":"GetUpdates", "result":"DeleteReceived", "context":{"id":"e242ad4c-acbf-44e5-88b1-abc8c5a1c64c", "isDeleted:":"true", "version":"1675656153703"}}
{"logTime": "0209/024517", "correlationVector":"oBGnXU4R2btE6sS+ZpkJ+p.98","action":"GetUpdates", "result":"DeleteReceived", "context":{"id":"a9e1fac9-2b72-44bf-9360-bab59562dbe7", "isDeleted:":"true", "version":"1675656153704"}}
{"logTime": "0209/024517", "correlationVector":"oBGnXU4R2btE6sS+ZpkJ+p.99","action":"GetUpdates", "result":"DeleteReceived", "context":{"id":"cb45bc99-5ff0-4ffe-93be-092297f58b9b", "isDeleted:":"true", "version":"1675656153705"}}
{"logTime": "0209/024517", "correlationVector":"oBGnXU4R2btE6sS+ZpkJ+p.100","action":"GetUpdates", "result":"DeleteReceived", "context":{"id":"f5471e54-c2e5-42f6-bba9-6562924f6ede", "isDeleted:":"true", "version":"1675656188506"}}
{"logTime": "0209/024517", "correlationVector":"oBGnXU4R2btE6sS+ZpkJ+p.101","action":"GetUpdates", "result":"DeleteReceived", "context":{"id":"53e67a0a-b497-4a48-8a9d-9ee98dd4ae41", "isDeleted:":"true", "version":"1675656188508"}}
{"logTime": "0209/024517", "correlationVector":"oBGnXU4R2btE6sS+ZpkJ+p.102","action":"GetUpdates", "result":"DeleteReceived", "context":{"id":"1e3cbd4e-88e5-403e-943e-14a991f2c7cc", "isDeleted:":"true", "version":"1675656188509"}}
{"logTime": "0209/024517", "correlationVector":"oBGnXU4R2btE6sS+ZpkJ+p.103","action":"GetUpdates", "result":"DeleteReceived", "context":{"id":"47ebe5d7-ac88-440b-a0db-b43c7b1b2afe", "isDeleted:":"true", "version":"1675656188511"}}
{"logTime": "0209/024517", "correlationVector":"oBGnXU4R2btE6sS+ZpkJ+p.104","action":"GetUpdates", "result":"DeleteReceived", "context":{"id":"2afb7bd0-633a-40f6-9b8c-104dc88d0e58", "isDeleted:":"true", "version":"1675656188513"}}
{"logTime": "0209/024517", "correlationVector":"oBGnXU4R2btE6sS+ZpkJ+p.105","action":"GetUpdates", "result":"DeleteReceived", "context":{"id":"f4cee77d-dfcc-49a6-a6a2-61825f4cfc53", "isDeleted:":"true", "version":"1675656939637"}}
{"logTime": "0209/024517", "correlationVector":"oBGnXU4R2btE6sS+ZpkJ+p.106","action":"GetUpdates", "result":"DeleteReceived", "context":{"id":"5f6e5d0a-967c-4ac0-8b1f-cb000df85a7f", "isDeleted:":"true", "version":"1675656939638"}}
{"logTime": "0209/024517", "correlationVector":"oBGnXU4R2btE6sS+ZpkJ+p.107","action":"GetUpdates", "result":"DeleteReceived", "context":{"id":"3589dca7-c215-4f77-ac31-f520a12773c5", "isDeleted:":"true", "version":"1675660557826"}}
{"logTime": "0209/024517", "correlationVector":"oBGnXU4R2btE6sS+ZpkJ+p.108","action":"GetUpdates", "result":"DeleteReceived", "context":{"id":"23c5536a-be41-4a61-aa4c-9e5df21fb6d6", "isDeleted:":"true", "version":"1675679022964"}}
{"logTime": "0209/024517", "correlationVector":"oBGnXU4R2btE6sS+ZpkJ+p.109","action":"GetUpdates", "result":"DeleteReceived", "context":{"id":"86c5e9a3-0895-4c5c-8e5d-82bb0a62e2d4", "isDeleted:":"true", "version":"1675679434021"}}
{"logTime": "0209/024517", "correlationVector":"oBGnXU4R2btE6sS+ZpkJ+p.110","action":"GetUpdates", "result":"DeleteReceived", "context":{"id":"a7ad4ce5-9c9a-48d8-b386-71e2ec586aad", "isDeleted:":"true", "version":"1675679466453"}}
{"logTime": "0209/024517", "correlationVector":"oBGnXU4R2btE6sS+ZpkJ+p.111","action":"GetUpdates", "result":"DeleteReceived", "context":{"id":"54eae73d-ee7d-4b83-8f90-8191f916f225", "isDeleted:":"true", "version":"1675680761499"}}
{"logTime": "0209/024517", "correlationVector":"oBGnXU4R2btE6sS+ZpkJ+p.112","action":"GetUpdates", "result":"DeleteReceived", "context":{"id":"49329054-89a3-4e9f-abb8-9f2908ac33eb", "isDeleted:":"true", "version":"1675681427815"}}
{"logTime": "0209/024517", "correlationVector":"oBGnXU4R2btE6sS+ZpkJ+p.113","action":"GetUpdates", "result":"DeleteReceived", "context":{"id":"f6de453d-26ce-482f-aef9-1a02edb90cb9", "isDeleted:":"true", "version":"1675681513595"}}
{"logTime": "0209/024517", "correlationVector":"oBGnXU4R2btE6sS+ZpkJ+p.114","action":"GetUpdates", "result":"DeleteReceived", "context":{"id":"5a3ea0ca-1355-40ae-a51d-bf56b053466e", "isDeleted:":"true", "version":"1675682990937"}}
{"logTime": "0209/024517", "correlationVector":"oBGnXU4R2btE6sS+ZpkJ+p.115","action":"GetUpdates", "result":"DeleteReceived", "context":{"id":"c7e86170-6096-4e32-a0de-44957a719413", "isDeleted:":"true", "version":"1675682990938"}}
{"logTime": "0209/024517", "correlationVector":"oBGnXU4R2btE6sS+ZpkJ+p.116","action":"GetUpdates", "result":"DeleteReceived", "context":{"id":"59b77200-e444-4c85-b36a-f433f64b572f", "isDeleted:":"true", "version":"1675682990939"}}
{"logTime": "0209/024517", "correlationVector":"oBGnXU4R2btE6sS+ZpkJ+p.117","action":"GetUpdates", "result":"DeleteReceived", "context":{"id":"b5db93e6-4f01-4284-a67f-5f94424fada9", "isDeleted:":"true", "version":"1675684186645"}}
{"logTime": "0209/024517", "correlationVector":"oBGnXU4R2btE6sS+ZpkJ+p.118","action":"GetUpdates", "result":"DeleteReceived", "context":{"id":"0f135b53-d9ab-4dce-85e4-44a19aa2ed31", "isDeleted:":"true", "version":"1675684186647"}}
{"logTime": "0209/024517", "correlationVector":"oBGnXU4R2btE6sS+ZpkJ+p.119","action":"GetUpdates", "result":"DeleteReceived", "context":{"id":"22368e3b-cb3b-4ea3-b81e-da30b98569f9", "isDeleted:":"true", "version":"1675684186648"}}
{"logTime": "0209/024517", "correlationVector":"oBGnXU4R2btE6sS+ZpkJ+p.120","action":"GetUpdates", "result":"DeleteReceived", "context":{"id":"42908427-c3e8-4def-a2ec-964432f01502", "isDeleted:":"true", "version":"1675684186649"}}
{"logTime": "0209/024517", "correlationVector":"oBGnXU4R2btE6sS+ZpkJ+p.121","action":"GetUpdates", "result":"DeleteReceived", "context":{"id":"404a2029-a8c9-49f7-b976-6c97de2cf1c9", "isDeleted:":"true", "version":"1675684186650"}}
{"logTime": "0209/024517", "correlationVector":"oBGnXU4R2btE6sS+ZpkJ+p.122","action":"GetUpdates", "result":"DeleteReceived", "context":{"id":"904c7901-23cf-420d-8b3a-f57062309fcc", "isDeleted:":"true", "version":"1675684186651"}}
{"logTime": "0209/024517", "correlationVector":"oBGnXU4R2btE6sS+ZpkJ+p.123","action":"GetUpdates", "result":"DeleteReceived", "context":{"id":"a980117e-1b92-4cbc-8dd2-75813e6a2c13", "isDeleted:":"true", "version":"1675684186652"}}
{"logTime": "0209/024517", "correlationVector":"oBGnXU4R2btE6sS+ZpkJ+p.124","action":"GetUpdates", "result":"DeleteReceived", "context":{"id":"c8996111-7079-4087-861f-2edd860716af", "isDeleted:":"true", "version":"1675684186653"}}
{"logTime": "0209/024517", "correlationVector":"oBGnXU4R2btE6sS+ZpkJ+p.125","action":"GetUpdates", "result":"DeleteReceived", "context":{"id":"a24b7c05-eae2-415a-8006-c2535c0877e1", "isDeleted:":"true", "version":"1675684261772"}}
{"logTime": "0209/024517", "correlationVector":"oBGnXU4R2btE6sS+ZpkJ+p.126","action":"GetUpdates", "result":"DeleteReceived", "context":{"id":"0d10b11f-334c-44a5-8add-60d1bac11065", "isDeleted:":"true", "version":"1675684539246"}}
{"logTime": "0209/024517", "correlationVector":"oBGnXU4R2btE6sS+ZpkJ+p.127","action":"GetUpdates", "result":"DeleteReceived", "context":{"id":"78533971-db1c-4235-a470-b45340d9368e", "isDeleted:":"true", "version":"1675684576777"}}
{"logTime": "0209/024517", "correlationVector":"oBGnXU4R2btE6sS+ZpkJ+p.128","action":"GetUpdates", "result":"DeleteReceived", "context":{"id":"7e937b9d-b5c3-4c43-a9fa-12bd1fdabb58", "isDeleted:":"true", "version":"1675684664787"}}
{"logTime": "0209/024517", "correlationVector":"oBGnXU4R2btE6sS+ZpkJ+p.129","action":"GetUpdates", "result":"DeleteReceived", "context":{"id":"7857a9ee-0fa5-4a5d-854d-8bac7ff347aa", "isDeleted:":"true", "version":"1675685411685"}}
{"logTime": "0209/024517", "correlationVector":"oBGnXU4R2btE6sS+ZpkJ+p.130","action":"GetUpdates", "result":"DeleteReceived", "context":{"id":"1bfed37f-0ccb-489a-b596-68d6d8031dd6", "isDeleted:":"true", "version":"1675693722847"}}
{"logTime": "0209/024517", "correlationVector":"oBGnXU4R2btE6sS+ZpkJ+p.131","action":"GetUpdates", "result":"DeleteReceived", "context":{"id":"81afc0e2-122b-4416-aab8-a2e6c71495b6", "isDeleted:":"true", "version":"1675693722848"}}
{"logTime": "0209/024517", "correlationVector":"oBGnXU4R2btE6sS+ZpkJ+p.132","action":"GetUpdates", "result":"DeleteReceived", "context":{"id":"15f55754-a190-4da3-b672-abba5669f495", "isDeleted:":"true", "version":"1675693722849"}}
{"logTime": "0209/024517", "correlationVector":"oBGnXU4R2btE6sS+ZpkJ+p.133","action":"GetUpdates", "result":"DeleteReceived", "context":{"id":"709d2bda-8bc5-4e88-8120-8131815d3da0", "isDeleted:":"true", "version":"1675693722850"}}
{"logTime": "0209/024517", "correlationVector":"oBGnXU4R2btE6sS+ZpkJ+p.134","action":"GetUpdates", "result":"DeleteReceived", "context":{"id":"d6c40096-c0c2-40a0-ac72-44119936be98", "isDeleted:":"true", "version":"1675693722851"}}
{"logTime": "0209/024517", "correlationVector":"oBGnXU4R2btE6sS+ZpkJ+p.135","action":"GetUpdates", "result":"DeleteReceived", "context":{"id":"7d97ea04-6410-44e7-a9e6-d683e9fc7a5d", "isDeleted:":"true", "version":"1675693722852"}}
{"logTime": "0209/024517", "correlationVector":"oBGnXU4R2btE6sS+ZpkJ+p.136","action":"GetUpdates", "result":"DeleteReceived", "context":{"id":"79dc3ae5-6736-4058-950f-712e9e8e3019", "isDeleted:":"true", "version":"1675694076273"}}
{"logTime": "0209/024517", "correlationVector":"oBGnXU4R2btE6sS+ZpkJ+p.137","action":"GetUpdates", "result":"DeleteReceived", "context":{"id":"89bae0de-3b0c-40ee-8dbd-1a9bc39c6dce", "isDeleted:":"true", "version":"1675694688115"}}
{"logTime": "0209/024517", "correlationVector":"oBGnXU4R2btE6sS+ZpkJ+p.138","action":"GetUpdates", "result":"DeleteReceived", "context":{"id":"8f395d1d-008f-4fdd-96c9-31915da7afca", "isDeleted:":"true", "version":"1675699295091"}}
{"logTime": "0209/024517", "correlationVector":"oBGnXU4R2btE6sS+ZpkJ+p.139","action":"GetUpdates", "result":"DeleteReceived", "context":{"id":"ba9dc983-a1f8-4358-9423-b7cb1d4205b9", "isDeleted:":"true", "version":"1675699295092"}}
{"logTime": "0209/024517", "correlationVector":"oBGnXU4R2btE6sS+ZpkJ+p.140","action":"GetUpdates", "result":"DeleteReceived", "context":{"id":"0cc5dbab-aed0-4fff-8c19-edca29f278d1", "isDeleted:":"true", "version":"1675699295094"}}
{"logTime": "0209/024517", "correlationVector":"oBGnXU4R2btE6sS+ZpkJ+p.141","action":"GetUpdates", "result":"DeleteReceived", "context":{"id":"24b47439-a9db-4bf8-805e-e88e24ab5a81", "isDeleted:":"true", "version":"1675699390387"}}
{"logTime": "0209/024517", "correlationVector":"oBGnXU4R2btE6sS+ZpkJ+p.142","action":"GetUpdates", "result":"DeleteReceived", "context":{"id":"df9445d6-4012-4e75-a761-698a058fb7f2", "isDeleted:":"true", "version":"1675700775136"}}
{"logTime": "0209/024517", "correlationVector":"oBGnXU4R2btE6sS+ZpkJ+p.143","action":"GetUpdates", "result":"DeleteReceived", "context":{"id":"10ac14c3-3166-4c79-b950-917beb519598", "isDeleted:":"true", "version":"1675701655137"}}
{"logTime": "0209/024517", "correlationVector":"oBGnXU4R2btE6sS+ZpkJ+p.144","action":"GetUpdates", "result":"DeleteReceived", "context":{"id":"d2c8d848-d8bd-4b19-8798-25a0b9aad3f8", "isDeleted:":"true", "version":"1675701655138"}}
{"logTime": "0209/024517", "correlationVector":"oBGnXU4R2btE6sS+ZpkJ+p.145","action":"GetUpdates", "result":"DeleteReceived", "context":{"id":"bd9d07e4-bb06-47a0-bfde-f56de7a9eeb4", "isDeleted:":"true", "version":"1675701655139"}}
{"logTime": "0209/024517", "correlationVector":"oBGnXU4R2btE6sS+ZpkJ+p.146","action":"GetUpdates", "result":"DeleteReceived", "context":{"id":"24f31e2d-dc76-41b2-9418-c72bcb57c14a", "isDeleted:":"true", "version":"1675701655140"}}
{"logTime": "0209/024517", "correlationVector":"oBGnXU4R2btE6sS+ZpkJ+p.147","action":"GetUpdates", "result":"DeleteReceived", "context":{"id":"ffa95eb7-e910-43a0-9908-62f4ad333209", "isDeleted:":"true", "version":"1675703604194"}}
{"logTime": "0209/024517", "correlationVector":"oBGnXU4R2btE6sS+ZpkJ+p.148","action":"GetUpdates", "result":"DeleteReceived", "context":{"id":"ace0c046-d628-46e2-aab4-35787aa23109", "isDeleted:":"true", "version":"1675746704572"}}
{"logTime": "0209/024517", "correlationVector":"oBGnXU4R2btE6sS+ZpkJ+p.149","action":"GetUpdates", "result":"DeleteReceived", "context":{"id":"4221a7df-fa39-4a10-a0ea-ef877250d530", "isDeleted:":"true", "version":"1675746704573"}}
{"logTime": "0209/024517", "correlationVector":"oBGnXU4R2btE6sS+ZpkJ+p.150","action":"GetUpdates", "result":"DeleteReceived", "context":{"id":"b21c0451-6d2f-40fc-88c6-33ab9a82b5ea", "isDeleted:":"true", "version":"1675751197074"}}
{"logTime": "0209/024517", "correlationVector":"oBGnXU4R2btE6sS+ZpkJ+p.151","action":"GetUpdates", "result":"DeleteReceived", "context":{"id":"56f43f93-8007-490b-8aff-9a1ba6b243fa", "isDeleted:":"true", "version":"1675764524959"}}
{"logTime": "0209/024517", "correlationVector":"oBGnXU4R2btE6sS+ZpkJ+p.152","action":"GetUpdates", "result":"DeleteReceived", "context":{"id":"0de6521a-85a2-43cc-b3d9-2a381df12204", "isDeleted:":"true", "version":"1675782788718"}}
{"logTime": "0209/024517", "correlationVector":"oBGnXU4R2btE6sS+ZpkJ+p.153","action":"GetUpdates", "result":"DeleteReceived", "context":{"id":"abef2fe5-b3ae-4bfe-b662-ae21cf263f46", "isDeleted:":"true", "version":"1675782788719"}}
{"logTime": "0209/024517", "correlationVector":"oBGnXU4R2btE6sS+ZpkJ+p.154","action":"GetUpdates", "result":"DeleteReceived", "context":{"id":"4ead0c2e-4983-4051-a272-f2a6e9065798", "isDeleted:":"true", "version":"1675782788721"}}
{"logTime": "0209/024517", "correlationVector":"oBGnXU4R2btE6sS+ZpkJ+p.155","action":"GetUpdates", "result":"DeleteReceived", "context":{"id":"2cfc38e8-262b-45c0-b099-af6f9907cc74", "isDeleted:":"true", "version":"1675783299020"}}
{"logTime": "0209/024517", "correlationVector":"oBGnXU4R2btE6sS+ZpkJ+p.156","action":"GetUpdates", "result":"DeleteReceived", "context":{"id":"cf1e697f-7791-4865-8747-42ae653643f8", "isDeleted:":"true", "version":"1675787217016"}}
{"logTime": "0209/024517", "correlationVector":"oBGnXU4R2btE6sS+ZpkJ+p.157","action":"GetUpdates", "result":"DeleteReceived", "context":{"id":"d3cbe8ae-3297-45c7-99e4-9ac47f8f3871", "isDeleted:":"true", "version":"1675814881254"}}
{"logTime": "0209/024517", "correlationVector":"oBGnXU4R2btE6sS+ZpkJ+p.158","action":"GetUpdates", "result":"DeleteReceived", "context":{"id":"824d7ec4-8b4e-4607-8c0a-757bba4191d6", "isDeleted:":"true", "version":"1675814881255"}}
{"logTime": "0209/024517", "correlationVector":"oBGnXU4R2btE6sS+ZpkJ+p.159","action":"GetUpdates", "result":"DeleteReceived", "context":{"id":"8234fabb-c05f-47ec-80e1-2a4b799e0c4e", "isDeleted:":"true", "version":"1675814881257"}}
{"logTime": "0209/024517", "correlationVector":"oBGnXU4R2btE6sS+ZpkJ+p.160","action":"GetUpdates", "result":"DeleteReceived", "context":{"id":"94a6abe5-7783-4e07-9cd9-43a670d83f19", "isDeleted:":"true", "version":"1675814881258"}}
{"logTime": "0209/024517", "correlationVector":"oBGnXU4R2btE6sS+ZpkJ+p.161","action":"GetUpdates", "result":"DeleteReceived", "context":{"id":"c060d0ba-7208-4eae-93ce-cfa7917dd5e4", "isDeleted:":"true", "version":"1675814881259"}}
{"logTime": "0209/024517", "correlationVector":"oBGnXU4R2btE6sS+ZpkJ+p.162","action":"GetUpdates", "result":"DeleteReceived", "context":{"id":"f6996c90-d6fe-4d83-a726-641f33324ec0", "isDeleted:":"true", "version":"1675814881260"}}
{"logTime": "0209/024517", "correlationVector":"oBGnXU4R2btE6sS+ZpkJ+p.163","action":"GetUpdates", "result":"DeleteReceived", "context":{"id":"2ac13e27-1013-4dd9-b98e-bfee30dcc626", "isDeleted:":"true", "version":"1675815848307"}}
{"logTime": "0209/024517", "correlationVector":"oBGnXU4R2btE6sS+ZpkJ+p.164","action":"GetUpdates", "result":"DeleteReceived", "context":{"id":"5c749a83-8ddc-4551-9ddc-c667949ff571", "isDeleted:":"true", "version":"1675815848308"}}
{"logTime": "0209/024517", "correlationVector":"oBGnXU4R2btE6sS+ZpkJ+p.165","action":"GetUpdates", "result":"DeleteReceived", "context":{"id":"c4b3dd33-2492-4a47-8404-6d60a6779ca4", "isDeleted:":"true", "version":"1675816510130"}}
{"logTime": "0209/024517", "correlationVector":"oBGnXU4R2btE6sS+ZpkJ+p.166","action":"GetUpdates", "result":"DeleteReceived", "context":{"id":"e9d5ad09-0ee2-4c78-90b5-2989294e7afe", "isDeleted:":"true", "version":"1675817146148"}}
{"logTime": "0209/024517", "correlationVector":"oBGnXU4R2btE6sS+ZpkJ+p.167","action":"GetUpdates", "result":"DeleteReceived", "context":{"id":"a11f5c9c-8cba-460b-b486-196dcfdecaf8", "isDeleted:":"true", "version":"1675817552888"}}
{"logTime": "0209/024517", "correlationVector":"oBGnXU4R2btE6sS+ZpkJ+p.168","action":"GetUpdates", "result":"DeleteReceived", "context":{"id":"37fdfa11-6780-42e1-8c03-b146a8745ec8", "isDeleted:":"true", "version":"1675817583887"}}
{"logTime": "0209/024517", "correlationVector":"oBGnXU4R2btE6sS+ZpkJ+p.169","action":"GetUpdates", "result":"DeleteReceived", "context":{"id":"7c02f254-78c4-496d-aa40-cb37791596b8", "isDeleted:":"true", "version":"1675818560363"}}
{"logTime": "0209/024517", "correlationVector":"oBGnXU4R2btE6sS+ZpkJ+p.170","action":"GetUpdates", "result":"DeleteReceived", "context":{"id":"1a74a5c1-a156-4f8a-b186-231938bcc9fd", "isDeleted:":"true", "version":"1675818621917"}}
{"logTime": "0209/024517", "correlationVector":"oBGnXU4R2btE6sS+ZpkJ+p.171","action":"GetUpdates", "result":"DeleteReceived", "context":{"id":"1e3d757c-af4f-411b-966a-20a4772a78ab", "isDeleted:":"true", "version":"1675818621918"}}
{"logTime": "0209/024517", "correlationVector":"oBGnXU4R2btE6sS+ZpkJ+p.172","action":"GetUpdates", "result":"DeleteReceived", "context":{"id":"4acf303f-a17c-442a-83dc-27ece93d7b44", "isDeleted:":"true", "version":"1675818621919"}}
{"logTime": "0209/024517", "correlationVector":"oBGnXU4R2btE6sS+ZpkJ+p.173","action":"GetUpdates", "result":"DeleteReceived", "context":{"id":"282ec786-8b8f-4dc2-a348-6ef4084d3baa", "isDeleted:":"true", "version":"1675848559471"}}
{"logTime": "0209/024517", "correlationVector":"oBGnXU4R2btE6sS+ZpkJ+p.174","action":"GetUpdates", "result":"DeleteReceived", "context":{"id":"3cc4fa3a-5f4e-447f-834b-c7f6e63dda97", "isDeleted:":"true", "version":"1675848559472"}}
{"logTime": "0209/024517", "correlationVector":"oBGnXU4R2btE6sS+ZpkJ+p.175","action":"GetUpdates", "result":"DeleteReceived", "context":{"id":"69c55a42-5a1a-4537-acef-986b9a23bdeb", "isDeleted:":"true", "version":"1675849111401"}}
{"logTime": "0209/024517", "correlationVector":"oBGnXU4R2btE6sS+ZpkJ+p.176","action":"GetUpdates", "result":"DeleteReceived", "context":{"id":"08153296-5fe0-48c9-abe8-aca90db57be9", "isDeleted:":"true", "version":"1675859198705"}}
{"logTime": "0209/024517", "correlationVector":"oBGnXU4R2btE6sS+ZpkJ+p.177","action":"GetUpdates", "result":"DeleteReceived", "context":{"id":"c424a14c-608b-45a4-b5ff-0bf0615fff81", "isDeleted:":"true", "version":"1675863144097"}}
{"logTime": "0209/024517", "correlationVector":"oBGnXU4R2btE6sS+ZpkJ+p.178","action":"GetUpdates", "result":"DeleteReceived", "context":{"id":"44164371-942b-4c6c-a205-c304b58b74e9", "isDeleted:":"true", "version":"1675863180134"}}
{"logTime": "0209/024517", "correlationVector":"oBGnXU4R2btE6sS+ZpkJ+p.179","action":"GetUpdates", "result":"DeleteReceived", "context":{"id":"300c0e68-08a7-47f3-afce-fc908b7a680c", "isDeleted:":"true", "version":"1675863373790"}}
{"logTime": "0209/024517", "correlationVector":"oBGnXU4R2btE6sS+ZpkJ+p.180","action":"GetUpdates", "result":"DeleteReceived", "context":{"id":"8274fc1b-c122-4b9d-9159-23a29bb1d17e", "isDeleted:":"true", "version":"1675866915027"}}
{"logTime": "0209/024517", "correlationVector":"oBGnXU4R2btE6sS+ZpkJ+p.181","action":"GetUpdates", "result":"DeleteReceived", "context":{"id":"c6e1b1b9-539f-444b-b272-4fbfd843192f", "isDeleted:":"true", "version":"1675866915028"}}
{"logTime": "0209/024517", "correlationVector":"oBGnXU4R2btE6sS+ZpkJ+p.182","action":"GetUpdates", "result":"DeleteReceived", "context":{"id":"5dced844-bc37-46eb-8fad-972da83c1dd6", "isDeleted:":"true", "version":"1675868303246"}}
{"logTime": "0209/024517", "correlationVector":"oBGnXU4R2btE6sS+ZpkJ+p.183","action":"GetUpdates", "result":"DeleteReceived", "context":{"id":"f87ee6f4-dd70-4a6f-a0c4-aeeb2943121c", "isDeleted:":"true", "version":"1675869219501"}}
{"logTime": "0209/024517", "correlationVector":"oBGnXU4R2btE6sS+ZpkJ+p.184","action":"GetUpdates", "result":"DeleteReceived", "context":{"id":"7b6872e8-2b01-4ab3-a4aa-838e324516ff", "isDeleted:":"true", "version":"1675869922044"}}
{"logTime": "0209/024517", "correlationVector":"oBGnXU4R2btE6sS+ZpkJ+p.185","action":"GetUpdates", "result":"DeleteReceived", "context":{"id":"fecd1d13-4436-4ea0-a99a-918804003439", "isDeleted:":"true", "version":"1675870888538"}}
{"logTime": "0209/024517", "correlationVector":"oBGnXU4R2btE6sS+ZpkJ+p.186","action":"GetUpdates", "result":"DeleteReceived", "context":{"id":"cb83214d-c373-48a6-85f8-10bcc109aa10", "isDeleted:":"true", "version":"1675870888539"}}
{"logTime": "0209/024517", "correlationVector":"oBGnXU4R2btE6sS+ZpkJ+p.187","action":"GetUpdates", "result":"DeleteReceived", "context":{"id":"e228d191-42e7-40fc-8c69-7424bb4a87c3", "isDeleted:":"true", "version":"1675870888541"}}
{"logTime": "0209/024517", "correlationVector":"oBGnXU4R2btE6sS+ZpkJ+p.188","action":"GetUpdates", "result":"DeleteReceived", "context":{"id":"2c1f5ba5-3d55-4079-846a-d86c50039c24", "isDeleted:":"true", "version":"1675874275350"}}
{"logTime": "0209/024517", "correlationVector":"oBGnXU4R2btE6sS+ZpkJ+p.189","action":"GetUpdates", "result":"DeleteReceived", "context":{"id":"89c228ca-3c1f-428a-8670-20308980108c", "isDeleted:":"true", "version":"1675874275351"}}
{"logTime": "0209/024517", "correlationVector":"oBGnXU4R2btE6sS+ZpkJ+p.190","action":"GetUpdates", "result":"DeleteReceived", "context":{"id":"2ed01b79-455c-4857-aee3-40b900869afb", "isDeleted:":"true", "version":"1675874483092"}}
{"logTime": "0209/024517", "correlationVector":"oBGnXU4R2btE6sS+ZpkJ+p.191","action":"GetUpdates", "result":"DeleteReceived", "context":{"id":"6bb3ee60-3514-4dfa-99b5-e0e279721fe0", "isDeleted:":"true", "version":"1675874544335"}}
{"logTime": "0209/024517", "correlationVector":"oBGnXU4R2btE6sS+ZpkJ+p.192","action":"GetUpdates", "result":"DeleteReceived", "context":{"id":"e1b57c72-535e-433f-8c1d-984e1c88c8b9", "isDeleted:":"true", "version":"1675874544336"}}
{"logTime": "0209/024517", "correlationVector":"oBGnXU4R2btE6sS+ZpkJ+p.193","action":"GetUpdates", "result":"DeleteReceived", "context":{"id":"f490ad20-0ad5-455b-be78-417122dc2448", "isDeleted:":"true", "version":"1675874699981"}}
{"logTime": "0209/024517", "correlationVector":"oBGnXU4R2btE6sS+ZpkJ+p.194","action":"GetUpdates", "result":"DeleteReceived", "context":{"id":"81fb17db-b1e4-43a5-9350-15bdd092303c", "isDeleted:":"true", "version":"1675874699982"}}
{"logTime": "0209/024517", "correlationVector":"oBGnXU4R2btE6sS+ZpkJ+p.195","action":"GetUpdates", "result":"DeleteReceived", "context":{"id":"93864cff-21c6-4bf7-bb85-a39d4800d296", "isDeleted:":"true", "version":"1675910196664"}}
{"logTime": "0209/024517", "correlationVector":"oBGnXU4R2btE6sS+ZpkJ+p.196","action":"GetUpdates", "result":"DeleteReceived", "context":{"id":"7ed3089e-9c17-4377-a69c-9c51612ae108", "isDeleted:":"true", "version":"1675910196665"}}
{"logTime": "0209/024517", "correlationVector":"oBGnXU4R2btE6sS+ZpkJ+p.197","action":"GetUpdates", "result":"DeleteReceived", "context":{"id":"64483e2f-7823-402d-b4e4-46f9fa22dfb1", "isDeleted:":"true", "version":"1675910196666"}}
{"logTime": "0209/024517", "correlationVector":"oBGnXU4R2btE6sS+ZpkJ+p.198","action":"GetUpdates", "result":"DeleteReceived", "context":{"id":"29890945-c96b-4158-8933-f3a7057bfc58", "isDeleted:":"true", "version":"1675910196668"}}
{"logTime": "0209/024517", "correlationVector":"oBGnXU4R2btE6sS+ZpkJ+p.199","action":"GetUpdates", "result":"DeleteReceived", "context":{"id":"376526eb-7522-4400-a2ce-0fb72fc7185e", "isDeleted:":"true", "version":"1675910196669"}}
{"logTime": "0209/024517", "correlationVector":"oBGnXU4R2btE6sS+ZpkJ+p.200","action":"GetUpdates", "result":"DeleteReceived", "context":{"id":"626d7c6b-577f-41f4-8e9e-5747edda316e", "isDeleted:":"true", "version":"1675910196670"}}
{"logTime": "0209/024517", "correlationVector":"oBGnXU4R2btE6sS+ZpkJ+p.201","action":"GetUpdates", "result":"DeleteReceived", "context":{"id":"a013cdd2-ed0d-4b40-a13a-2b8639b98221", "isDeleted:":"true", "version":"1675910196671"}}
{"logTime": "0209/024517", "correlationVector":"oBGnXU4R2btE6sS+ZpkJ+p.202","action":"GetUpdates", "result":"DeleteReceived", "context":{"id":"1588c0c7-9f9d-48e7-b33b-605697f00c1b", "isDeleted:":"true", "version":"1675910196672"}}
{"logTime": "0209/024517", "correlationVector":"oBGnXU4R2btE6sS+ZpkJ+p.203","action":"GetUpdates", "result":"DeleteReceived", "context":{"id":"ffc94062-84c5-4749-875f-4654e0944988", "isDeleted:":"true", "version":"1675910196673"}}
{"logTime": "0209/024517", "correlationVector":"oBGnXU4R2btE6sS+ZpkJ+p.204","action":"GetUpdates", "result":"DeleteReceived", "context":{"id":"042b6b30-a922-461f-a073-47125d3da1ce", "isDeleted:":"true", "version":"1675910196674"}}
{"logTime": "0209/024517", "correlationVector":"oBGnXU4R2btE6sS+ZpkJ+p.205","action":"GetUpdates", "result":"DeleteReceived", "context":{"id":"9fd56352-dc74-4804-b0fd-4114ffb5eff9", "isDeleted:":"true", "version":"1675910196675"}}
{"logTime": "0209/024517", "correlationVector":"oBGnXU4R2btE6sS+ZpkJ+p.206","action":"GetUpdates", "result":"DeleteReceived", "context":{"id":"b574cdb5-f127-46f1-8497-86f805fedc59", "isDeleted:":"true", "version":"1675910196676"}}
{"logTime": "0209/024517", "correlationVector":"oBGnXU4R2btE6sS+ZpkJ+p.207","action":"GetUpdates", "result":"DeleteReceived", "context":{"id":"8238657a-6c9e-47d1-a64b-4b8892b08158", "isDeleted:":"true", "version":"1675910198994"}}
{"logTime": "0209/024517", "correlationVector":"oBGnXU4R2btE6sS+ZpkJ+p.208","action":"GetUpdates", "result":"DeleteReceived", "context":{"id":"e6bbdcc7-c862-409b-8d64-22fe615eef2d", "isDeleted:":"true", "version":"1675910669363"}}
{"logTime": "0209/024517", "correlationVector":"oBGnXU4R2btE6sS+ZpkJ+p.209","action":"GetUpdates Response", "result":"SYNCER_OK", "context":Received 227 update(s). cV=oBGnXU4R2btE6sS+ZpkJ+p.0;server=GENERAL0100000X;cloudType=Consumer;environment=Prod_SoutheastAsia_000j}
{"logTime": "0209/024517", "correlationVector":"SGlTktu/EW1VLgen3RadJY","action":"Commit Request", "result":"", "context":Item count: 1
Contributing types: Autofill}
{"logTime": "0209/024517", "correlationVector":"SGlTktu/EW1VLgen3RadJY.1","action":"SyncServerConnectionManagerRequest", "result":"SYNC_SERVER_OK", "context":{"environment":"Prod_SoutheastAsia_000j", "server":"GENERAL01000018"}}
{"logTime": "0209/024517", "correlationVector":"SGlTktu/EW1VLgen3RadJY.2","action":"Commit Response", "result":"SYNCER_OK", "context":Result: SYNCER_OK. cV=SGlTktu/EW1VLgen3RadJY.0;server=GENERAL01000018;cloudType=Consumer;environment=Prod_SoutheastAsia_000j}
{"logTime": "0209/024517", "correlationVector":"QLU4Aeu1jCLIApnkK2gZcQ","action":"Normal GetUpdate request", "result":"", "context":cV=QLU4Aeu1jCLIApnkK2gZcQ
Nudged types: Autofill}
{"logTime": "0209/024517", "correlationVector":"QLU4Aeu1jCLIApnkK2gZcQ.1","action":"SyncServerConnectionManagerRequest", "result":"SYNC_SERVER_OK", "context":{"environment":"Prod_SoutheastAsia_000j", "server":"GENERAL0100000K"}}
{"logTime": "0209/024517", "correlationVector":"QLU4Aeu1jCLIApnkK2gZcQ.2","action":"GetUpdates Response", "result":"SYNCER_OK", "context":Received 1 update(s). cV=QLU4Aeu1jCLIApnkK2gZcQ.0;server=GENERAL0100000K;cloudType=Consumer;environment=Prod_SoutheastAsia_000j}
{"logTime": "0209/024518", "correlationVector":"Fn7vZu5e8ZD3WELnWcOhSO","action":"Normal GetUpdate request", "result":"", "context":cV=Fn7vZu5e8ZD3WELnWcOhSO
Notified types: Preferences}
{"logTime": "0209/024519", "correlationVector":"Fn7vZu5e8ZD3WELnWcOhSO.1","action":"SyncServerConnectionManagerRequest", "result":"SYNC_SERVER_OK", "context":{"environment":"Prod_EastAsia_000d", "server":"GENERAL0100000M"}}
{"logTime": "0209/024519", "correlationVector":"Fn7vZu5e8ZD3WELnWcOhSO.2","action":"GetUpdates Response", "result":"SYNCER_OK", "context":Received 0 update(s). cV=Fn7vZu5e8ZD3WELnWcOhSO.0;server=GENERAL0100000M;cloudType=Consumer;environment=Prod_EastAsia_000d}
{"logTime": "0209/024558", "correlationVector":"v189NKV11RYttccrCsH11g","action":"Commit Request", "result":"", "context":Item count: 1
Contributing types: Sessions}
{"logTime": "0209/024559", "correlationVector":"v189NKV11RYttccrCsH11g.1","action":"SyncServerConnectionManagerRequest", "result":"SYNC_SERVER_OK", "context":{"environment":"Prod_SoutheastAsia_000j", "server":"GENERAL01000011"}}
{"logTime": "0209/024559", "correlationVector":"v189NKV11RYttccrCsH11g.2","action":"Commit Response", "result":"SYNCER_OK", "context":Result: SYNCER_OK. cV=v189NKV11RYttccrCsH11g.0;server=GENERAL01000011;cloudType=Consumer;environment=Prod_SoutheastAsia_000j}
{"logTime": "0209/024839", "correlationVector":"xgJoGxerBE3ta0CE5USrdF","action":"Poll GetUpdate request", "result":"", "context":cV=xgJoGxerBE3ta0CE5USrdF}
{"logTime": "0209/024839", "correlationVector":"xgJoGxerBE3ta0CE5USrdF.1","action":"SyncServerConnectionManagerRequest", "result":"SYNC_SERVER_OK", "context":{"environment":"Prod_SoutheastAsia_000j", "server":"GENERAL0100000S"}}
{"logTime": "0209/024840", "correlationVector":"xgJoGxerBE3ta0CE5USrdF.2","action":"GetUpdates Response", "result":"SYNCER_OK", "context":Received 1 update(s). cV=xgJoGxerBE3ta0CE5USrdF.0;server=GENERAL0100000S;cloudType=Consumer;environment=Prod_SoutheastAsia_000j}
{"logTime": "0209/025523", "correlationVector":"bwR4kk+OIcpVQR020e0FsZ","action":"Commit Request", "result":"", "context":Item count: 1
Contributing types: Sessions}
{"logTime": "0209/025525", "correlationVector":"bwR4kk+OIcpVQR020e0FsZ.1","action":"SyncServerConnectionManagerRequest", "result":"SYNC_SERVER_OK", "context":{"environment":"Prod_EastAsia_000d", "server":"GENERAL01000006"}}
{"logTime": "0209/025525", "correlationVector":"bwR4kk+OIcpVQR020e0FsZ.2","action":"Commit Response", "result":"SYNCER_OK", "context":Result: SYNCER_OK. cV=bwR4kk+OIcpVQR020e0FsZ.0;server=GENERAL01000006;cloudType=Consumer;environment=Prod_EastAsia_000d}
{"logTime": "0209/030037", "correlationVector":"QsrkCKedA3VlTijmaDKM8M","action":"Commit Request", "result":"", "context":Item count: 1
Contributing types: Sessions}
{"logTime": "0209/030039", "correlationVector":"QsrkCKedA3VlTijmaDKM8M.1","action":"SyncServerConnectionManagerRequest", "result":"SYNC_SERVER_OK", "context":{"environment":"Prod_SoutheastAsia_000j", "server":"GENERAL01000005"}}
{"logTime": "0209/030039", "correlationVector":"QsrkCKedA3VlTijmaDKM8M.2","action":"Commit Response", "result":"SYNCER_OK", "context":Result: SYNCER_OK. cV=QsrkCKedA3VlTijmaDKM8M.0;server=GENERAL01000005;cloudType=Consumer;environment=Prod_SoutheastAsia_000j}
{"logTime": "0209/030240", "correlationVector":"6xc3Rv/8rWL58hSTmRnmjb","action":"Commit Request", "result":"", "context":Item count: 1
Contributing types: Sessions}
{"logTime": "0209/030241", "correlationVector":"6xc3Rv/8rWL58hSTmRnmjb.1","action":"SyncServerConnectionManagerRequest", "result":"SYNC_SERVER_OK", "context":{"environment":"Prod_SoutheastAsia_000j", "server":"GENERAL0100001L"}}
{"logTime": "0209/030241", "correlationVector":"6xc3Rv/8rWL58hSTmRnmjb.2","action":"Commit Response", "result":"SYNCER_OK", "context":Result: SYNCER_OK. cV=6xc3Rv/8rWL58hSTmRnmjb.0;server=GENERAL0100001L;cloudType=Consumer;environment=Prod_SoutheastAsia_000j}
{"logTime": "0209/030433", "correlationVector":"36IijUUwn+sbqcBvTSlBS/","action":"Commit Request", "result":"", "context":Item count: 1
Contributing types: Sessions}
{"logTime": "0209/030433", "correlationVector":"36IijUUwn+sbqcBvTSlBS/","action":"SyncServerConnectionManagerRequest", "result":"CONNECTION_UNAVAILABLE", "context":{"error_type":"net_error_code", "error_value":"-106"}}
{"logTime": "0209/030433", "correlationVector":"ymTUGuxpjHHffOijwsOrtj.0","action":"Commit Response", "result":"NETWORK_ERROR_TRANSPORT (ERR_INTERNET_DISCONNECTED)", "context":Result: NETWORK_ERROR_TRANSPORT (ERR_INTERNET_DISCONNECTED). }
{"logTime": "0209/030518", "correlationVector":"PkC8he4RX2MavsejZtWl+q","action":"Commit Request", "result":"", "context":Item count: 1
Contributing types: Sessions}
{"logTime": "0209/030518", "correlationVector":"PkC8he4RX2MavsejZtWl+q","action":"SyncServerConnectionManagerRequest", "result":"CONNECTION_UNAVAILABLE", "context":{"error_type":"net_error_code", "error_value":"-106"}}
{"logTime": "0209/030518", "correlationVector":"X8FNvyp+w6+QyKVVEHuJ3F.0","action":"Commit Response", "result":"NETWORK_ERROR_TRANSPORT (ERR_INTERNET_DISCONNECTED)", "context":Result: NETWORK_ERROR_TRANSPORT (ERR_INTERNET_DISCONNECTED). }
{"logTime": "0209/030558", "correlationVector":"xRpW39closHqPoiBsi3QIk","action":"Commit Request", "result":"", "context":Item count: 2
Contributing types: Sessions}
{"logTime": "0209/030559", "correlationVector":"xRpW39closHqPoiBsi3QIk","action":"SyncServerConnectionManagerRequest", "result":"CONNECTION_UNAVAILABLE", "context":{"error_type":"net_error_code", "error_value":"-21"}}
{"logTime": "0209/030600", "correlationVector":"aX05V7LougpXTTchx2VUG6.0","action":"Commit Response", "result":"NETWORK_ERROR_TRANSPORT (ERR_NETWORK_CHANGED)", "context":Result: NETWORK_ERROR_TRANSPORT (ERR_NETWORK_CHANGED). }
{"logTime": "0209/030700", "correlationVector":"HBEQW70ww183UYVYd3sg/Y","action":"Commit Request", "result":"", "context":Item count: 2
Contributing types: Sessions}
{"logTime": "0209/030702", "correlationVector":"HBEQW70ww183UYVYd3sg/Y.1","action":"SyncServerConnectionManagerRequest", "result":"SYNC_SERVER_OK", "context":{"environment":"Prod_SoutheastAsia_000j", "server":"GENERAL0100000U"}}
{"logTime": "0209/030702", "correlationVector":"HBEQW70ww183UYVYd3sg/Y.2","action":"Commit Response", "result":"SYNCER_OK", "context":Result: SYNCER_OK. cV=HBEQW70ww183UYVYd3sg/Y.0;server=GENERAL0100000U;cloudType=Consumer;environment=Prod_SoutheastAsia_000j}
{"logTime": "0209/030746", "correlationVector":"wiLq/Oc1lNTDyIBC+ULdn8","action":"Commit Request", "result":"", "context":Item count: 4
Contributing types: Sessions}
{"logTime": "0209/030748", "correlationVector":"wiLq/Oc1lNTDyIBC+ULdn8.1","action":"SyncServerConnectionManagerRequest", "result":"SYNC_SERVER_OK", "context":{"environment":"Prod_SoutheastAsia_000j", "server":"GENERAL0100000W"}}
{"logTime": "0209/030748", "correlationVector":"wiLq/Oc1lNTDyIBC+ULdn8.2","action":"Commit Response", "result":"SYNCER_OK", "context":Result: SYNCER_OK. cV=wiLq/Oc1lNTDyIBC+ULdn8.0;server=GENERAL0100000W;cloudType=Consumer;environment=Prod_SoutheastAsia_000j}
{"logTime": "0209/030818", "correlationVector":"AKq1ZV/JinXhSxrLjRvGSL","action":"Commit Request", "result":"", "context":Item count: 2
Contributing types: Sessions}
{"logTime": "0209/030819", "correlationVector":"AKq1ZV/JinXhSxrLjRvGSL.1","action":"SyncServerConnectionManagerRequest", "result":"SYNC_SERVER_OK", "context":{"environment":"Prod_SoutheastAsia_000j", "server":"GENERAL0100000X"}}
{"logTime": "0209/030820", "correlationVector":"AKq1ZV/JinXhSxrLjRvGSL.2","action":"Commit Response", "result":"SYNCER_OK", "context":Result: SYNCER_OK. cV=AKq1ZV/JinXhSxrLjRvGSL.0;server=GENERAL0100000X;cloudType=Consumer;environment=Prod_SoutheastAsia_000j}
{"logTime": "0209/033230", "correlationVector":"1q4NgZr2SIg8k3jChb32mo","action":"Commit Request", "result":"", "context":Item count: 3
Contributing types: Sessions}
{"logTime": "0209/033233", "correlationVector":"1q4NgZr2SIg8k3jChb32mo.1","action":"SyncServerConnectionManagerRequest", "result":"SYNC_SERVER_OK", "context":{"environment":"Prod_SoutheastAsia_000j", "server":"GENERAL0100000Z"}}
{"logTime": "0209/033233", "correlationVector":"1q4NgZr2SIg8k3jChb32mo.2","action":"Commit Response", "result":"SYNCER_OK", "context":Result: SYNCER_OK. cV=1q4NgZr2SIg8k3jChb32mo.0;server=GENERAL0100000Z;cloudType=Consumer;environment=Prod_SoutheastAsia_000j}
{"logTime": "0209/033308", "correlationVector":"TlAe4b58jhjsi1vszI6m04","action":"Commit Request", "result":"", "context":Item count: 2
Contributing types: Sessions}
{"logTime": "0209/033317", "correlationVector":"TlAe4b58jhjsi1vszI6m04.1","action":"SyncServerConnectionManagerRequest", "result":"SYNC_SERVER_OK", "context":{"environment":"Prod_SoutheastAsia_000j", "server":"GENERAL01000007"}}
{"logTime": "0209/033317", "correlationVector":"TlAe4b58jhjsi1vszI6m04.3","action":"Commit.Sessions", "result":"Success", "context":{"id":"e2ba9b15-0504-4a87-a7ef-49266c302976", "isDeleted":"true", "size":"0", "version":"1675913551909"}}
{"logTime": "0209/033317", "correlationVector":"TlAe4b58jhjsi1vszI6m04.2","action":"Commit Response", "result":"SYNCER_OK", "context":Result: SYNCER_OK. cV=TlAe4b58jhjsi1vszI6m04.0;server=GENERAL01000007;cloudType=Consumer;environment=Prod_SoutheastAsia_000j}
{"logTime": "0209/033348", "correlationVector":"VJai0TN5ijNUCTuwjtQiVS","action":"Commit Request", "result":"", "context":Item count: 1
Contributing types: Sessions}
{"logTime": "0209/033349", "correlationVector":"VJai0TN5ijNUCTuwjtQiVS.1","action":"SyncServerConnectionManagerRequest", "result":"SYNC_SERVER_OK", "context":{"environment":"Prod_EastAsia_000d", "server":"GENERAL01000025"}}
{"logTime": "0209/033349", "correlationVector":"VJai0TN5ijNUCTuwjtQiVS.2","action":"Commit Response", "result":"SYNCER_OK", "context":Result: SYNCER_OK. cV=VJai0TN5ijNUCTuwjtQiVS.0;server=GENERAL01000025;cloudType=Consumer;environment=Prod_EastAsia_000d}
{"logTime": "0209/033439", "correlationVector":"eQw6fs7hVS2rLAGNybFW0T","action":"Commit Request", "result":"", "context":Item count: 1
Contributing types: Sessions}
{"logTime": "0209/033440", "correlationVector":"eQw6fs7hVS2rLAGNybFW0T.1","action":"SyncServerConnectionManagerRequest", "result":"SYNC_SERVER_OK", "context":{"environment":"Prod_EastAsia_000d", "server":"GENERAL0100001W"}}
{"logTime": "0209/033440", "correlationVector":"eQw6fs7hVS2rLAGNybFW0T.2","action":"Commit Response", "result":"SYNCER_OK", "context":Result: SYNCER_OK. cV=eQw6fs7hVS2rLAGNybFW0T.0;server=GENERAL0100001W;cloudType=Consumer;environment=Prod_EastAsia_000d}
{"logTime": "0209/033616", "correlationVector":"k/hA3D7GieuI10dtytMYQk","action":"Normal GetUpdate request", "result":"", "context":cV=k/hA3D7GieuI10dtytMYQk
Nudged types: Typed URLs, Sessions
Notified types: Autofill, Typed URLs}
{"logTime": "0209/033624", "correlationVector":"k/hA3D7GieuI10dtytMYQk.1","action":"SyncServerConnectionManagerRequest", "result":"SYNC_SERVER_OK", "context":{"environment":"Prod_EastAsia_000d", "server":"GENERAL0100001R"}}
{"logTime": "0209/033624", "correlationVector":"k/hA3D7GieuI10dtytMYQk.2","action":"GetUpdates", "result":"DeleteReceived", "context":{"id":"e2ba9b15-0504-4a87-a7ef-49266c302976", "isDeleted:":"true", "version":"1675913595432"}}
{"logTime": "0209/033624", "correlationVector":"k/hA3D7GieuI10dtytMYQk.3","action":"GetUpdates", "result":"DeleteReceived", "context":{"id":"02addfdf-9158-4e44-a733-16aa3f4cce5d", "isDeleted:":"true", "version":"1675913774123"}}
{"logTime": "0209/033624", "correlationVector":"k/hA3D7GieuI10dtytMYQk.4","action":"GetUpdates Response", "result":"SYNCER_OK", "context":Received 10 update(s). cV=k/hA3D7GieuI10dtytMYQk.0;server=GENERAL0100001R;cloudType=Consumer;environment=Prod_EastAsia_000d}
{"logTime": "0209/033624", "correlationVector":"lBwozlZ2+M9NIUD1s3K1lI","action":"Commit Request", "result":"", "context":Item count: 4
Contributing types: Sessions}
{"logTime": "0209/033717", "correlationVector":"lBwozlZ2+M9NIUD1s3K1lI.1","action":"SyncServerConnectionManagerRequest", "result":"SYNC_SERVER_OK", "context":{"environment":"Prod_SoutheastAsia_000j", "server":"GENERAL0100000N"}}
{"logTime": "0209/033717", "correlationVector":"lBwozlZ2+M9NIUD1s3K1lI.3","action":"Commit.Sessions", "result":"Success", "context":{"id":"aa2ca2ee-c0f9-411d-8d7c-5c6e1fd811d6", "isDeleted":"true", "size":"0", "version":"1675913679445"}}
{"logTime": "0209/033717", "correlationVector":"lBwozlZ2+M9NIUD1s3K1lI.4","action":"Commit.Sessions", "result":"Success", "context":{"id":"9cbe3d8e-58cc-491b-8ae7-7dd92f74516d", "isDeleted":"true", "size":"0", "version":"1675912098659"}}
{"logTime": "0209/033717", "correlationVector":"lBwozlZ2+M9NIUD1s3K1lI.5","action":"Commit.Sessions", "result":"Conflict", "context":{"id":"694d9ab5-61d1-420c-8be5-cd8ff1b4762a", "isDeleted":"false", "size":"78", "version":"1675913595433"}}
{"logTime": "0209/033717", "correlationVector":"lBwozlZ2+M9NIUD1s3K1lI.2","action":"Commit Response", "result":"SYNCER_OK", "context":Result: SYNCER_OK. cV=lBwozlZ2+M9NIUD1s3K1lI.0;server=GENERAL0100000N;cloudType=Consumer;environment=Prod_SoutheastAsia_000j}
{"logTime": "0209/033718", "correlationVector":"Z/8R+jxc2VgVyuJ5JE+zAo","action":"Normal GetUpdate request", "result":"", "context":cV=Z/8R+jxc2VgVyuJ5JE+zAo
Nudged types: Typed URLs, Sessions
Notified types: Autofill, Typed URLs}
{"logTime": "0209/033718", "correlationVector":"Z/8R+jxc2VgVyuJ5JE+zAo.1","action":"SyncServerConnectionManagerRequest", "result":"SYNC_SERVER_OK", "context":{"environment":"Prod_SoutheastAsia_000j", "server":"GENERAL0100001E"}}
{"logTime": "0209/033718", "correlationVector":"Z/8R+jxc2VgVyuJ5JE+zAo.2","action":"GetUpdates", "result":"DeleteReceived", "context":{"id":"aa2ca2ee-c0f9-411d-8d7c-5c6e1fd811d6", "isDeleted:":"true", "version":"1675913835523"}}
{"logTime": "0209/033718", "correlationVector":"Z/8R+jxc2VgVyuJ5JE+zAo.3","action":"GetUpdates", "result":"DeleteReceived", "context":{"id":"9cbe3d8e-58cc-491b-8ae7-7dd92f74516d", "isDeleted:":"true", "version":"1675913835524"}}
{"logTime": "0209/033718", "correlationVector":"Z/8R+jxc2VgVyuJ5JE+zAo.4","action":"GetUpdates Response", "result":"SYNCER_OK", "context":Received 5 update(s). cV=Z/8R+jxc2VgVyuJ5JE+zAo.0;server=GENERAL0100001E;cloudType=Consumer;environment=Prod_SoutheastAsia_000j}
